==116049== Memcheck, a memory error detector
==116049== Copyright (C) 2002-2022, and GNU GPL'd, by Julian Seward et al.
==116049== Using Valgrind-3.19.0 and LibVEX; rerun with -h for copyright info
==116049== Command: ./minishell
==116049== Parent PID: 114945
==116049== 
==116049== Invalid write of size 8
==116049==    at 0x10A74C: remove_quotes (quotes.c:65)
==116049==    by 0x10A9F8: quote_validator (quotes.c:111)
==116049==    by 0x109DF0: parsing (parsing.c:109)
==116049==    by 0x1096B5: main (main.c:58)
==116049==  Address 0x52abaf8 is 0 bytes after a block of size 24 alloc'd
==116049==    at 0x4E05045: malloc (vg_replace_malloc.c:381)
==116049==    by 0x10A5A5: remove_quotes (quotes.c:47)
==116049==    by 0x10A9F8: quote_validator (quotes.c:111)
==116049==    by 0x109DF0: parsing (parsing.c:109)
==116049==    by 0x1096B5: main (main.c:58)
==116049== 
{
   <insert_a_suppression_name_here>
   Memcheck:Addr8
   fun:remove_quotes
   fun:quote_validator
   fun:parsing
   fun:main
}
==116049== Invalid read of size 4
==116049==    at 0x1096D3: main (main.c:62)
==116049==  Address 0x523e058 is 24 bytes inside a block of size 96 free'd
==116049==    at 0x4E0792F: free (vg_replace_malloc.c:872)
==116049==    by 0x10AB02: total_freedom (freedom.c:33)
==116049==    by 0x1096CB: main (main.c:61)
==116049==  Block was alloc'd at
==116049==    at 0x4E05045: malloc (vg_replace_malloc.c:381)
==116049==    by 0x1095AC: main (main.c:42)
==116049== 
{
   <insert_a_suppression_name_here>
   Memcheck:Addr4
   fun:main
}
==116049== 
==116049== HEAP SUMMARY:
==116049==     in use at exit: 208,705 bytes in 232 blocks
==116049==   total heap usage: 861 allocs, 629 frees, 1,994,264 bytes allocated
==116049== 
==116049== 1 bytes in 1 blocks are definitely lost in loss record 1 of 73
==116049==    at 0x4E05045: malloc (vg_replace_malloc.c:381)
==116049==    by 0x4894BAC: xmalloc (in /usr/lib/x86_64-linux-gnu/libreadline.so.8.1)
==116049==    by 0x4872694: readline_internal_teardown (in /usr/lib/x86_64-linux-gnu/libreadline.so.8.1)
==116049==    by 0x487CD2A: readline (in /usr/lib/x86_64-linux-gnu/libreadline.so.8.1)
==116049==    by 0x109D68: parsing (parsing.c:101)
==116049==    by 0x1096B5: main (main.c:58)
==116049== 
{
   <insert_a_suppression_name_here>
   Memcheck:Leak
   match-leak-kinds: definite
   fun:malloc
   fun:xmalloc
   fun:readline_internal_teardown
   fun:readline
   fun:parsing
   fun:main
}
==116049== 8 bytes in 1 blocks are still reachable in loss record 2 of 73
==116049==    at 0x4E05045: malloc (vg_replace_malloc.c:381)
==116049==    by 0x50BE60E: strdup (strdup.c:42)
==116049==    by 0x48CCB97: _nc_trim_sgr0 (in /usr/lib/x86_64-linux-gnu/libtinfo.so.6.3)
==116049==    by 0x48CB528: tgetent_sp (in /usr/lib/x86_64-linux-gnu/libtinfo.so.6.3)
==116049==    by 0x48901CD: _rl_init_terminal_io (in /usr/lib/x86_64-linux-gnu/libreadline.so.8.1)
==116049==    by 0x487CA0F: rl_initialize (in /usr/lib/x86_64-linux-gnu/libreadline.so.8.1)
==116049==    by 0x487CCD4: readline (in /usr/lib/x86_64-linux-gnu/libreadline.so.8.1)
==116049==    by 0x109D68: parsing (parsing.c:101)
==116049==    by 0x1096B5: main (main.c:58)
==116049== 
{
   <insert_a_suppression_name_here>
   Memcheck:Leak
   match-leak-kinds: reachable
   fun:malloc
   fun:strdup
   fun:_nc_trim_sgr0
   fun:tgetent_sp
   fun:_rl_init_terminal_io
   fun:rl_initialize
   fun:readline
   fun:parsing
   fun:main
}
==116049== 8 bytes in 1 blocks are still reachable in loss record 3 of 73
==116049==    at 0x4E09E3D: realloc (vg_replace_malloc.c:1437)
==116049==    by 0x4895491: xrealloc (in /usr/lib/x86_64-linux-gnu/libreadline.so.8.1)
==116049==    by 0x4881626: ??? (in /usr/lib/x86_64-linux-gnu/libreadline.so.8.1)
==116049==    by 0x4881E0D: rl_expand_prompt (in /usr/lib/x86_64-linux-gnu/libreadline.so.8.1)
==116049==    by 0x48711BF: rl_set_prompt (in /usr/lib/x86_64-linux-gnu/libreadline.so.8.1)
==116049==    by 0x487CCCF: readline (in /usr/lib/x86_64-linux-gnu/libreadline.so.8.1)
==116049==    by 0x109D68: parsing (parsing.c:101)
==116049==    by 0x1096B5: main (main.c:58)
==116049== 
{
   <insert_a_suppression_name_here>
   Memcheck:Leak
   match-leak-kinds: reachable
   fun:realloc
   fun:xrealloc
   obj:/usr/lib/x86_64-linux-gnu/libreadline.so.8.1
   fun:rl_expand_prompt
   fun:rl_set_prompt
   fun:readline
   fun:parsing
   fun:main
}
==116049== 8 bytes in 1 blocks are definitely lost in loss record 4 of 73
==116049==    at 0x4E05045: malloc (vg_replace_malloc.c:381)
==116049==    by 0x10970D: create_pipe_list (parsing.c:21)
==116049==    by 0x109E61: parsing (parsing.c:119)
==116049==    by 0x1096B5: main (main.c:58)
==116049== 
{
   <insert_a_suppression_name_here>
   Memcheck:Leak
   match-leak-kinds: definite
   fun:malloc
   fun:create_pipe_list
   fun:parsing
   fun:main
}
==116049== 9 bytes in 1 blocks are still reachable in loss record 5 of 73
==116049==    at 0x4E05045: malloc (vg_replace_malloc.c:381)
==116049==    by 0x50BE60E: strdup (strdup.c:42)
==116049==    by 0x48C2BE4: ??? (in /usr/lib/x86_64-linux-gnu/libtinfo.so.6.3)
==116049==    by 0x48C5F28: _nc_tiparm (in /usr/lib/x86_64-linux-gnu/libtinfo.so.6.3)
==116049==    by 0x48858B1: ??? (in /usr/lib/x86_64-linux-gnu/libreadline.so.8.1)
==116049==    by 0x4886CE1: rl_redisplay (in /usr/lib/x86_64-linux-gnu/libreadline.so.8.1)
==116049==    by 0x4873B56: _rl_internal_char_cleanup (in /usr/lib/x86_64-linux-gnu/libreadline.so.8.1)
==116049==    by 0x4873D8F: readline_internal_char (in /usr/lib/x86_64-linux-gnu/libreadline.so.8.1)
==116049==    by 0x487CD14: readline (in /usr/lib/x86_64-linux-gnu/libreadline.so.8.1)
==116049==    by 0x109D68: parsing (parsing.c:101)
==116049==    by 0x1096B5: main (main.c:58)
==116049== 
{
   <insert_a_suppression_name_here>
   Memcheck:Leak
   match-leak-kinds: reachable
   fun:malloc
   fun:strdup
   obj:/usr/lib/x86_64-linux-gnu/libtinfo.so.6.3
   fun:_nc_tiparm
   obj:/usr/lib/x86_64-linux-gnu/libreadline.so.8.1
   fun:rl_redisplay
   fun:_rl_internal_char_cleanup
   fun:readline_internal_char
   fun:readline
   fun:parsing
   fun:main
}
==116049== 11 bytes in 1 blocks are still reachable in loss record 6 of 73
==116049==    at 0x4E05045: malloc (vg_replace_malloc.c:381)
==116049==    by 0x50BE60E: strdup (strdup.c:42)
==116049==    by 0x48C2BE4: ??? (in /usr/lib/x86_64-linux-gnu/libtinfo.so.6.3)
==116049==    by 0x48C5F28: _nc_tiparm (in /usr/lib/x86_64-linux-gnu/libtinfo.so.6.3)
==116049==    by 0x10964C: main (main.c:51)
==116049== 
{
   <insert_a_suppression_name_here>
   Memcheck:Leak
   match-leak-kinds: reachable
   fun:malloc
   fun:strdup
   obj:/usr/lib/x86_64-linux-gnu/libtinfo.so.6.3
   fun:_nc_tiparm
   fun:main
}
==116049== 12 bytes in 1 blocks are still reachable in loss record 7 of 73
==116049==    at 0x4E05045: malloc (vg_replace_malloc.c:381)
==116049==    by 0x48C27EB: _nc_tparm_analyze (in /usr/lib/x86_64-linux-gnu/libtinfo.so.6.3)
==116049==    by 0x48C2AF2: ??? (in /usr/lib/x86_64-linux-gnu/libtinfo.so.6.3)
==116049==    by 0x48C5F28: _nc_tiparm (in /usr/lib/x86_64-linux-gnu/libtinfo.so.6.3)
==116049==    by 0x10964C: main (main.c:51)
==116049== 
{
   <insert_a_suppression_name_here>
   Memcheck:Leak
   match-leak-kinds: reachable
   fun:malloc
   fun:_nc_tparm_analyze
   obj:/usr/lib/x86_64-linux-gnu/libtinfo.so.6.3
   fun:_nc_tiparm
   fun:main
}
==116049== 13 bytes in 1 blocks are still reachable in loss record 8 of 73
==116049==    at 0x4E05045: malloc (vg_replace_malloc.c:381)
==116049==    by 0x4894BAC: xmalloc (in /usr/lib/x86_64-linux-gnu/libreadline.so.8.1)
==116049==    by 0x4882BF5: ??? (in /usr/lib/x86_64-linux-gnu/libreadline.so.8.1)
==116049==    by 0x487CA38: rl_initialize (in /usr/lib/x86_64-linux-gnu/libreadline.so.8.1)
==116049==    by 0x487CCD4: readline (in /usr/lib/x86_64-linux-gnu/libreadline.so.8.1)
==116049==    by 0x109D68: parsing (parsing.c:101)
==116049==    by 0x1096B5: main (main.c:58)
==116049== 
{
   <insert_a_suppression_name_here>
   Memcheck:Leak
   match-leak-kinds: reachable
   fun:malloc
   fun:xmalloc
   obj:/usr/lib/x86_64-linux-gnu/libreadline.so.8.1
   fun:rl_initialize
   fun:readline
   fun:parsing
   fun:main
}
==116049== 14 bytes in 1 blocks are still reachable in loss record 9 of 73
==116049==    at 0x4E09E3D: realloc (vg_replace_malloc.c:1437)
==116049==    by 0x48BF59C: _nc_doalloc (in /usr/lib/x86_64-linux-gnu/libtinfo.so.6.3)
==116049==    by 0x48C6102: _nc_tiparm (in /usr/lib/x86_64-linux-gnu/libtinfo.so.6.3)
==116049==    by 0x10964C: main (main.c:51)
==116049== 
{
   <insert_a_suppression_name_here>
   Memcheck:Leak
   match-leak-kinds: reachable
   fun:realloc
   fun:_nc_doalloc
   fun:_nc_tiparm
   fun:main
}
==116049== 15 bytes in 1 blocks are still reachable in loss record 10 of 73
==116049==    at 0x4E05045: malloc (vg_replace_malloc.c:381)
==116049==    by 0x50BE60E: strdup (strdup.c:42)
==116049==    by 0x48CA72E: _nc_setupterm (in /usr/lib/x86_64-linux-gnu/libtinfo.so.6.3)
==116049==    by 0x48CB349: tgetent_sp (in /usr/lib/x86_64-linux-gnu/libtinfo.so.6.3)
==116049==    by 0x48901CD: _rl_init_terminal_io (in /usr/lib/x86_64-linux-gnu/libreadline.so.8.1)
==116049==    by 0x487CA0F: rl_initialize (in /usr/lib/x86_64-linux-gnu/libreadline.so.8.1)
==116049==    by 0x487CCD4: readline (in /usr/lib/x86_64-linux-gnu/libreadline.so.8.1)
==116049==    by 0x109D68: parsing (parsing.c:101)
==116049==    by 0x1096B5: main (main.c:58)
==116049== 
{
   <insert_a_suppression_name_here>
   Memcheck:Leak
   match-leak-kinds: reachable
   fun:malloc
   fun:strdup
   fun:_nc_setupterm
   fun:tgetent_sp
   fun:_rl_init_terminal_io
   fun:rl_initialize
   fun:readline
   fun:parsing
   fun:main
}
==116049== 16 bytes in 1 blocks are still reachable in loss record 11 of 73
==116049==    at 0x4E05045: malloc (vg_replace_malloc.c:381)
==116049==    by 0x50BE60E: strdup (strdup.c:42)
==116049==    by 0x48BE3B7: ??? (in /usr/lib/x86_64-linux-gnu/libtinfo.so.6.3)
==116049==    by 0x48C0631: _nc_first_db (in /usr/lib/x86_64-linux-gnu/libtinfo.so.6.3)
==116049==    by 0x48CA516: _nc_read_entry2 (in /usr/lib/x86_64-linux-gnu/libtinfo.so.6.3)
==116049==    by 0x48CA591: ??? (in /usr/lib/x86_64-linux-gnu/libtinfo.so.6.3)
==116049==    by 0x48CA6E6: _nc_setupterm (in /usr/lib/x86_64-linux-gnu/libtinfo.so.6.3)
==116049==    by 0x48CB349: tgetent_sp (in /usr/lib/x86_64-linux-gnu/libtinfo.so.6.3)
==116049==    by 0x48901CD: _rl_init_terminal_io (in /usr/lib/x86_64-linux-gnu/libreadline.so.8.1)
==116049==    by 0x487CA0F: rl_initialize (in /usr/lib/x86_64-linux-gnu/libreadline.so.8.1)
==116049==    by 0x487CCD4: readline (in /usr/lib/x86_64-linux-gnu/libreadline.so.8.1)
==116049==    by 0x109D68: parsing (parsing.c:101)
==116049== 
{
   <insert_a_suppression_name_here>
   Memcheck:Leak
   match-leak-kinds: reachable
   fun:malloc
   fun:strdup
   obj:/usr/lib/x86_64-linux-gnu/libtinfo.so.6.3
   fun:_nc_first_db
   fun:_nc_read_entry2
   obj:/usr/lib/x86_64-linux-gnu/libtinfo.so.6.3
   fun:_nc_setupterm
   fun:tgetent_sp
   fun:_rl_init_terminal_io
   fun:rl_initialize
   fun:readline
   fun:parsing
}
==116049== 16 bytes in 1 blocks are still reachable in loss record 12 of 73
==116049==    at 0x4E05045: malloc (vg_replace_malloc.c:381)
==116049==    by 0x487CB26: rl_initialize (in /usr/lib/x86_64-linux-gnu/libreadline.so.8.1)
==116049==    by 0x487CCD4: readline (in /usr/lib/x86_64-linux-gnu/libreadline.so.8.1)
==116049==    by 0x109D68: parsing (parsing.c:101)
==116049==    by 0x1096B5: main (main.c:58)
==116049== 
{
   <insert_a_suppression_name_here>
   Memcheck:Leak
   match-leak-kinds: reachable
   fun:malloc
   fun:rl_initialize
   fun:readline
   fun:parsing
   fun:main
}
==116049== 20 bytes in 1 blocks are still reachable in loss record 13 of 73
==116049==    at 0x4E05045: malloc (vg_replace_malloc.c:381)
==116049==    by 0x4894BAC: xmalloc (in /usr/lib/x86_64-linux-gnu/libreadline.so.8.1)
==116049==    by 0x487FD8B: ??? (in /usr/lib/x86_64-linux-gnu/libreadline.so.8.1)
==116049==    by 0x48826C9: rl_parse_and_bind (in /usr/lib/x86_64-linux-gnu/libreadline.so.8.1)
==116049==    by 0x4882B6C: ??? (in /usr/lib/x86_64-linux-gnu/libreadline.so.8.1)
==116049==    by 0x487CA38: rl_initialize (in /usr/lib/x86_64-linux-gnu/libreadline.so.8.1)
==116049==    by 0x487CCD4: readline (in /usr/lib/x86_64-linux-gnu/libreadline.so.8.1)
==116049==    by 0x109D68: parsing (parsing.c:101)
==116049==    by 0x1096B5: main (main.c:58)
==116049== 
{
   <insert_a_suppression_name_here>
   Memcheck:Leak
   match-leak-kinds: reachable
   fun:malloc
   fun:xmalloc
   obj:/usr/lib/x86_64-linux-gnu/libreadline.so.8.1
   fun:rl_parse_and_bind
   obj:/usr/lib/x86_64-linux-gnu/libreadline.so.8.1
   fun:rl_initialize
   fun:readline
   fun:parsing
   fun:main
}
==116049== 24 bytes in 1 blocks are still reachable in loss record 14 of 73
==116049==    at 0x4E05045: malloc (vg_replace_malloc.c:381)
==116049==    by 0x51360E4: tsearch (tsearch.c:337)
==116049==    by 0x48C2BFE: ??? (in /usr/lib/x86_64-linux-gnu/libtinfo.so.6.3)
==116049==    by 0x48C5F28: _nc_tiparm (in /usr/lib/x86_64-linux-gnu/libtinfo.so.6.3)
==116049==    by 0x10964C: main (main.c:51)
==116049== 
{
   <insert_a_suppression_name_here>
   Memcheck:Leak
   match-leak-kinds: reachable
   fun:malloc
   fun:tsearch
   obj:/usr/lib/x86_64-linux-gnu/libtinfo.so.6.3
   fun:_nc_tiparm
   fun:main
}
==116049== 24 bytes in 1 blocks are still reachable in loss record 15 of 73
==116049==    at 0x4E05045: malloc (vg_replace_malloc.c:381)
==116049==    by 0x513614E: tsearch (tsearch.c:337)
==116049==    by 0x48C2BFE: ??? (in /usr/lib/x86_64-linux-gnu/libtinfo.so.6.3)
==116049==    by 0x48C5F28: _nc_tiparm (in /usr/lib/x86_64-linux-gnu/libtinfo.so.6.3)
==116049==    by 0x48CCAFD: ??? (in /usr/lib/x86_64-linux-gnu/libtinfo.so.6.3)
==116049==    by 0x48CCB89: _nc_trim_sgr0 (in /usr/lib/x86_64-linux-gnu/libtinfo.so.6.3)
==116049==    by 0x48CB528: tgetent_sp (in /usr/lib/x86_64-linux-gnu/libtinfo.so.6.3)
==116049==    by 0x48901CD: _rl_init_terminal_io (in /usr/lib/x86_64-linux-gnu/libreadline.so.8.1)
==116049==    by 0x487CA0F: rl_initialize (in /usr/lib/x86_64-linux-gnu/libreadline.so.8.1)
==116049==    by 0x487CCD4: readline (in /usr/lib/x86_64-linux-gnu/libreadline.so.8.1)
==116049==    by 0x109D68: parsing (parsing.c:101)
==116049==    by 0x1096B5: main (main.c:58)
==116049== 
{
   <insert_a_suppression_name_here>
   Memcheck:Leak
   match-leak-kinds: reachable
   fun:malloc
   fun:tsearch
   obj:/usr/lib/x86_64-linux-gnu/libtinfo.so.6.3
   fun:_nc_tiparm
   obj:/usr/lib/x86_64-linux-gnu/libtinfo.so.6.3
   fun:_nc_trim_sgr0
   fun:tgetent_sp
   fun:_rl_init_terminal_io
   fun:rl_initialize
   fun:readline
   fun:parsing
   fun:main
}
==116049== 24 bytes in 1 blocks are still reachable in loss record 16 of 73
==116049==    at 0x4E05045: malloc (vg_replace_malloc.c:381)
==116049==    by 0x513614E: tsearch (tsearch.c:337)
==116049==    by 0x48C2BFE: ??? (in /usr/lib/x86_64-linux-gnu/libtinfo.so.6.3)
==116049==    by 0x48C5F28: _nc_tiparm (in /usr/lib/x86_64-linux-gnu/libtinfo.so.6.3)
==116049==    by 0x48858B1: ??? (in /usr/lib/x86_64-linux-gnu/libreadline.so.8.1)
==116049==    by 0x4886CE1: rl_redisplay (in /usr/lib/x86_64-linux-gnu/libreadline.so.8.1)
==116049==    by 0x4873B56: _rl_internal_char_cleanup (in /usr/lib/x86_64-linux-gnu/libreadline.so.8.1)
==116049==    by 0x4873D8F: readline_internal_char (in /usr/lib/x86_64-linux-gnu/libreadline.so.8.1)
==116049==    by 0x487CD14: readline (in /usr/lib/x86_64-linux-gnu/libreadline.so.8.1)
==116049==    by 0x109D68: parsing (parsing.c:101)
==116049==    by 0x1096B5: main (main.c:58)
==116049== 
{
   <insert_a_suppression_name_here>
   Memcheck:Leak
   match-leak-kinds: reachable
   fun:malloc
   fun:tsearch
   obj:/usr/lib/x86_64-linux-gnu/libtinfo.so.6.3
   fun:_nc_tiparm
   obj:/usr/lib/x86_64-linux-gnu/libreadline.so.8.1
   fun:rl_redisplay
   fun:_rl_internal_char_cleanup
   fun:readline_internal_char
   fun:readline
   fun:parsing
   fun:main
}
==116049== 25 bytes in 1 blocks are still reachable in loss record 17 of 73
==116049==    at 0x4E05045: malloc (vg_replace_malloc.c:381)
==116049==    by 0x4894BAC: xmalloc (in /usr/lib/x86_64-linux-gnu/libreadline.so.8.1)
==116049==    by 0x48711E3: rl_set_prompt (in /usr/lib/x86_64-linux-gnu/libreadline.so.8.1)
==116049==    by 0x487CCCF: readline (in /usr/lib/x86_64-linux-gnu/libreadline.so.8.1)
==116049==    by 0x109D68: parsing (parsing.c:101)
==116049==    by 0x1096B5: main (main.c:58)
==116049== 
{
   <insert_a_suppression_name_here>
   Memcheck:Leak
   match-leak-kinds: reachable
   fun:malloc
   fun:xmalloc
   fun:rl_set_prompt
   fun:readline
   fun:parsing
   fun:main
}
==116049== 25 bytes in 1 blocks are still reachable in loss record 18 of 73
==116049==    at 0x4E05045: malloc (vg_replace_malloc.c:381)
==116049==    by 0x4894BAC: xmalloc (in /usr/lib/x86_64-linux-gnu/libreadline.so.8.1)
==116049==    by 0x48815F2: ??? (in /usr/lib/x86_64-linux-gnu/libreadline.so.8.1)
==116049==    by 0x4881E0D: rl_expand_prompt (in /usr/lib/x86_64-linux-gnu/libreadline.so.8.1)
==116049==    by 0x48711BF: rl_set_prompt (in /usr/lib/x86_64-linux-gnu/libreadline.so.8.1)
==116049==    by 0x487CCCF: readline (in /usr/lib/x86_64-linux-gnu/libreadline.so.8.1)
==116049==    by 0x109D68: parsing (parsing.c:101)
==116049==    by 0x1096B5: main (main.c:58)
==116049== 
{
   <insert_a_suppression_name_here>
   Memcheck:Leak
   match-leak-kinds: reachable
   fun:malloc
   fun:xmalloc
   obj:/usr/lib/x86_64-linux-gnu/libreadline.so.8.1
   fun:rl_expand_prompt
   fun:rl_set_prompt
   fun:readline
   fun:parsing
   fun:main
}
==116049== 28 bytes in 1 blocks are still reachable in loss record 19 of 73
==116049==    at 0x4E05045: malloc (vg_replace_malloc.c:381)
==116049==    by 0x48C04DC: _nc_home_terminfo (in /usr/lib/x86_64-linux-gnu/libtinfo.so.6.3)
==116049==    by 0x48C061B: _nc_first_db (in /usr/lib/x86_64-linux-gnu/libtinfo.so.6.3)
==116049==    by 0x48CA516: _nc_read_entry2 (in /usr/lib/x86_64-linux-gnu/libtinfo.so.6.3)
==116049==    by 0x48CA591: ??? (in /usr/lib/x86_64-linux-gnu/libtinfo.so.6.3)
==116049==    by 0x48CA6E6: _nc_setupterm (in /usr/lib/x86_64-linux-gnu/libtinfo.so.6.3)
==116049==    by 0x48CB349: tgetent_sp (in /usr/lib/x86_64-linux-gnu/libtinfo.so.6.3)
==116049==    by 0x48901CD: _rl_init_terminal_io (in /usr/lib/x86_64-linux-gnu/libreadline.so.8.1)
==116049==    by 0x487CA0F: rl_initialize (in /usr/lib/x86_64-linux-gnu/libreadline.so.8.1)
==116049==    by 0x487CCD4: readline (in /usr/lib/x86_64-linux-gnu/libreadline.so.8.1)
==116049==    by 0x109D68: parsing (parsing.c:101)
==116049==    by 0x1096B5: main (main.c:58)
==116049== 
{
   <insert_a_suppression_name_here>
   Memcheck:Leak
   match-leak-kinds: reachable
   fun:malloc
   fun:_nc_home_terminfo
   fun:_nc_first_db
   fun:_nc_read_entry2
   obj:/usr/lib/x86_64-linux-gnu/libtinfo.so.6.3
   fun:_nc_setupterm
   fun:tgetent_sp
   fun:_rl_init_terminal_io
   fun:rl_initialize
   fun:readline
   fun:parsing
   fun:main
}
==116049== 46 bytes in 1 blocks are still reachable in loss record 20 of 73
==116049==    at 0x4E09E3D: realloc (vg_replace_malloc.c:1437)
==116049==    by 0x48BF59C: _nc_doalloc (in /usr/lib/x86_64-linux-gnu/libtinfo.so.6.3)
==116049==    by 0x48CA00F: _nc_read_termtype (in /usr/lib/x86_64-linux-gnu/libtinfo.so.6.3)
==116049==    by 0x48CA3AA: ??? (in /usr/lib/x86_64-linux-gnu/libtinfo.so.6.3)
==116049==    by 0x48CCAC0: ??? (in /usr/lib/x86_64-linux-gnu/libtinfo.so.6.3)
==116049==    by 0x48CA53B: _nc_read_entry2 (in /usr/lib/x86_64-linux-gnu/libtinfo.so.6.3)
==116049==    by 0x48CA591: ??? (in /usr/lib/x86_64-linux-gnu/libtinfo.so.6.3)
==116049==    by 0x48CA6E6: _nc_setupterm (in /usr/lib/x86_64-linux-gnu/libtinfo.so.6.3)
==116049==    by 0x48CB349: tgetent_sp (in /usr/lib/x86_64-linux-gnu/libtinfo.so.6.3)
==116049==    by 0x48901CD: _rl_init_terminal_io (in /usr/lib/x86_64-linux-gnu/libreadline.so.8.1)
==116049==    by 0x487CA0F: rl_initialize (in /usr/lib/x86_64-linux-gnu/libreadline.so.8.1)
==116049==    by 0x487CCD4: readline (in /usr/lib/x86_64-linux-gnu/libreadline.so.8.1)
==116049== 
{
   <insert_a_suppression_name_here>
   Memcheck:Leak
   match-leak-kinds: reachable
   fun:realloc
   fun:_nc_doalloc
   fun:_nc_read_termtype
   obj:/usr/lib/x86_64-linux-gnu/libtinfo.so.6.3
   obj:/usr/lib/x86_64-linux-gnu/libtinfo.so.6.3
   fun:_nc_read_entry2
   obj:/usr/lib/x86_64-linux-gnu/libtinfo.so.6.3
   fun:_nc_setupterm
   fun:tgetent_sp
   fun:_rl_init_terminal_io
   fun:rl_initialize
   fun:readline
}
==116049== 46 bytes in 1 blocks are still reachable in loss record 21 of 73
==116049==    at 0x4E05045: malloc (vg_replace_malloc.c:381)
==116049==    by 0x48BEEAE: ??? (in /usr/lib/x86_64-linux-gnu/libtinfo.so.6.3)
==116049==    by 0x48CA6FD: _nc_setupterm (in /usr/lib/x86_64-linux-gnu/libtinfo.so.6.3)
==116049==    by 0x48CB349: tgetent_sp (in /usr/lib/x86_64-linux-gnu/libtinfo.so.6.3)
==116049==    by 0x48901CD: _rl_init_terminal_io (in /usr/lib/x86_64-linux-gnu/libreadline.so.8.1)
==116049==    by 0x487CA0F: rl_initialize (in /usr/lib/x86_64-linux-gnu/libreadline.so.8.1)
==116049==    by 0x487CCD4: readline (in /usr/lib/x86_64-linux-gnu/libreadline.so.8.1)
==116049==    by 0x109D68: parsing (parsing.c:101)
==116049==    by 0x1096B5: main (main.c:58)
==116049== 
{
   <insert_a_suppression_name_here>
   Memcheck:Leak
   match-leak-kinds: reachable
   fun:malloc
   obj:/usr/lib/x86_64-linux-gnu/libtinfo.so.6.3
   fun:_nc_setupterm
   fun:tgetent_sp
   fun:_rl_init_terminal_io
   fun:rl_initialize
   fun:readline
   fun:parsing
   fun:main
}
==116049== 48 bytes in 1 blocks are still reachable in loss record 22 of 73
==116049==    at 0x4E09BFD: calloc (vg_replace_malloc.c:1328)
==116049==    by 0x48C0723: _nc_first_db (in /usr/lib/x86_64-linux-gnu/libtinfo.so.6.3)
==116049==    by 0x48CA516: _nc_read_entry2 (in /usr/lib/x86_64-linux-gnu/libtinfo.so.6.3)
==116049==    by 0x48CA591: ??? (in /usr/lib/x86_64-linux-gnu/libtinfo.so.6.3)
==116049==    by 0x48CA6E6: _nc_setupterm (in /usr/lib/x86_64-linux-gnu/libtinfo.so.6.3)
==116049==    by 0x48CB349: tgetent_sp (in /usr/lib/x86_64-linux-gnu/libtinfo.so.6.3)
==116049==    by 0x48901CD: _rl_init_terminal_io (in /usr/lib/x86_64-linux-gnu/libreadline.so.8.1)
==116049==    by 0x487CA0F: rl_initialize (in /usr/lib/x86_64-linux-gnu/libreadline.so.8.1)
==116049==    by 0x487CCD4: readline (in /usr/lib/x86_64-linux-gnu/libreadline.so.8.1)
==116049==    by 0x109D68: parsing (parsing.c:101)
==116049==    by 0x1096B5: main (main.c:58)
==116049== 
{
   <insert_a_suppression_name_here>
   Memcheck:Leak
   match-leak-kinds: reachable
   fun:calloc
   fun:_nc_first_db
   fun:_nc_read_entry2
   obj:/usr/lib/x86_64-linux-gnu/libtinfo.so.6.3
   fun:_nc_setupterm
   fun:tgetent_sp
   fun:_rl_init_terminal_io
   fun:rl_initialize
   fun:readline
   fun:parsing
   fun:main
}
==116049== 70 bytes in 1 blocks are still reachable in loss record 23 of 73
==116049==    at 0x4E09E3D: realloc (vg_replace_malloc.c:1437)
==116049==    by 0x48BF59C: _nc_doalloc (in /usr/lib/x86_64-linux-gnu/libtinfo.so.6.3)
==116049==    by 0x48C65C1: _nc_tiparm (in /usr/lib/x86_64-linux-gnu/libtinfo.so.6.3)
==116049==    by 0x48858B1: ??? (in /usr/lib/x86_64-linux-gnu/libreadline.so.8.1)
==116049==    by 0x4886CE1: rl_redisplay (in /usr/lib/x86_64-linux-gnu/libreadline.so.8.1)
==116049==    by 0x4873B56: _rl_internal_char_cleanup (in /usr/lib/x86_64-linux-gnu/libreadline.so.8.1)
==116049==    by 0x4873D8F: readline_internal_char (in /usr/lib/x86_64-linux-gnu/libreadline.so.8.1)
==116049==    by 0x487CD14: readline (in /usr/lib/x86_64-linux-gnu/libreadline.so.8.1)
==116049==    by 0x109D68: parsing (parsing.c:101)
==116049==    by 0x1096B5: main (main.c:58)
==116049== 
{
   <insert_a_suppression_name_here>
   Memcheck:Leak
   match-leak-kinds: reachable
   fun:realloc
   fun:_nc_doalloc
   fun:_nc_tiparm
   obj:/usr/lib/x86_64-linux-gnu/libreadline.so.8.1
   fun:rl_redisplay
   fun:_rl_internal_char_cleanup
   fun:readline_internal_char
   fun:readline
   fun:parsing
   fun:main
}
==116049== 78 bytes in 1 blocks are still reachable in loss record 24 of 73
==116049==    at 0x4E05045: malloc (vg_replace_malloc.c:381)
==116049==    by 0x48BEF1B: ??? (in /usr/lib/x86_64-linux-gnu/libtinfo.so.6.3)
==116049==    by 0x48CA6FD: _nc_setupterm (in /usr/lib/x86_64-linux-gnu/libtinfo.so.6.3)
==116049==    by 0x48CB349: tgetent_sp (in /usr/lib/x86_64-linux-gnu/libtinfo.so.6.3)
==116049==    by 0x48901CD: _rl_init_terminal_io (in /usr/lib/x86_64-linux-gnu/libreadline.so.8.1)
==116049==    by 0x487CA0F: rl_initialize (in /usr/lib/x86_64-linux-gnu/libreadline.so.8.1)
==116049==    by 0x487CCD4: readline (in /usr/lib/x86_64-linux-gnu/libreadline.so.8.1)
==116049==    by 0x109D68: parsing (parsing.c:101)
==116049==    by 0x1096B5: main (main.c:58)
==116049== 
{
   <insert_a_suppression_name_here>
   Memcheck:Leak
   match-leak-kinds: reachable
   fun:malloc
   obj:/usr/lib/x86_64-linux-gnu/libtinfo.so.6.3
   fun:_nc_setupterm
   fun:tgetent_sp
   fun:_rl_init_terminal_io
   fun:rl_initialize
   fun:readline
   fun:parsing
   fun:main
}
==116049== 93 bytes in 1 blocks are still reachable in loss record 25 of 73
==116049==    at 0x4E05045: malloc (vg_replace_malloc.c:381)
==116049==    by 0x50BE60E: strdup (strdup.c:42)
==116049==    by 0x48C2BE4: ??? (in /usr/lib/x86_64-linux-gnu/libtinfo.so.6.3)
==116049==    by 0x48C5F28: _nc_tiparm (in /usr/lib/x86_64-linux-gnu/libtinfo.so.6.3)
==116049==    by 0x48CCAFD: ??? (in /usr/lib/x86_64-linux-gnu/libtinfo.so.6.3)
==116049==    by 0x48CCB89: _nc_trim_sgr0 (in /usr/lib/x86_64-linux-gnu/libtinfo.so.6.3)
==116049==    by 0x48CB528: tgetent_sp (in /usr/lib/x86_64-linux-gnu/libtinfo.so.6.3)
==116049==    by 0x48901CD: _rl_init_terminal_io (in /usr/lib/x86_64-linux-gnu/libreadline.so.8.1)
==116049==    by 0x487CA0F: rl_initialize (in /usr/lib/x86_64-linux-gnu/libreadline.so.8.1)
==116049==    by 0x487CCD4: readline (in /usr/lib/x86_64-linux-gnu/libreadline.so.8.1)
==116049==    by 0x109D68: parsing (parsing.c:101)
==116049==    by 0x1096B5: main (main.c:58)
==116049== 
{
   <insert_a_suppression_name_here>
   Memcheck:Leak
   match-leak-kinds: reachable
   fun:malloc
   fun:strdup
   obj:/usr/lib/x86_64-linux-gnu/libtinfo.so.6.3
   fun:_nc_tiparm
   obj:/usr/lib/x86_64-linux-gnu/libtinfo.so.6.3
   fun:_nc_trim_sgr0
   fun:tgetent_sp
   fun:_rl_init_terminal_io
   fun:rl_initialize
   fun:readline
   fun:parsing
   fun:main
}
==116049== 94 bytes in 1 blocks are still reachable in loss record 26 of 73
==116049==    at 0x4E05045: malloc (vg_replace_malloc.c:381)
==116049==    by 0x48C27EB: _nc_tparm_analyze (in /usr/lib/x86_64-linux-gnu/libtinfo.so.6.3)
==116049==    by 0x48C2AF2: ??? (in /usr/lib/x86_64-linux-gnu/libtinfo.so.6.3)
==116049==    by 0x48C5F28: _nc_tiparm (in /usr/lib/x86_64-linux-gnu/libtinfo.so.6.3)
==116049==    by 0x48CCAFD: ??? (in /usr/lib/x86_64-linux-gnu/libtinfo.so.6.3)
==116049==    by 0x48CCB89: _nc_trim_sgr0 (in /usr/lib/x86_64-linux-gnu/libtinfo.so.6.3)
==116049==    by 0x48CB528: tgetent_sp (in /usr/lib/x86_64-linux-gnu/libtinfo.so.6.3)
==116049==    by 0x48901CD: _rl_init_terminal_io (in /usr/lib/x86_64-linux-gnu/libreadline.so.8.1)
==116049==    by 0x487CA0F: rl_initialize (in /usr/lib/x86_64-linux-gnu/libreadline.so.8.1)
==116049==    by 0x487CCD4: readline (in /usr/lib/x86_64-linux-gnu/libreadline.so.8.1)
==116049==    by 0x109D68: parsing (parsing.c:101)
==116049==    by 0x1096B5: main (main.c:58)
==116049== 
{
   <insert_a_suppression_name_here>
   Memcheck:Leak
   match-leak-kinds: reachable
   fun:malloc
   fun:_nc_tparm_analyze
   obj:/usr/lib/x86_64-linux-gnu/libtinfo.so.6.3
   fun:_nc_tiparm
   obj:/usr/lib/x86_64-linux-gnu/libtinfo.so.6.3
   fun:_nc_trim_sgr0
   fun:tgetent_sp
   fun:_rl_init_terminal_io
   fun:rl_initialize
   fun:readline
   fun:parsing
   fun:main
}
==116049== 97 bytes in 1 blocks are still reachable in loss record 27 of 73
==116049==    at 0x4E05045: malloc (vg_replace_malloc.c:381)
==116049==    by 0x48C068A: _nc_first_db (in /usr/lib/x86_64-linux-gnu/libtinfo.so.6.3)
==116049==    by 0x48CA516: _nc_read_entry2 (in /usr/lib/x86_64-linux-gnu/libtinfo.so.6.3)
==116049==    by 0x48CA591: ??? (in /usr/lib/x86_64-linux-gnu/libtinfo.so.6.3)
==116049==    by 0x48CA6E6: _nc_setupterm (in /usr/lib/x86_64-linux-gnu/libtinfo.so.6.3)
==116049==    by 0x48CB349: tgetent_sp (in /usr/lib/x86_64-linux-gnu/libtinfo.so.6.3)
==116049==    by 0x48901CD: _rl_init_terminal_io (in /usr/lib/x86_64-linux-gnu/libreadline.so.8.1)
==116049==    by 0x487CA0F: rl_initialize (in /usr/lib/x86_64-linux-gnu/libreadline.so.8.1)
==116049==    by 0x487CCD4: readline (in /usr/lib/x86_64-linux-gnu/libreadline.so.8.1)
==116049==    by 0x109D68: parsing (parsing.c:101)
==116049==    by 0x1096B5: main (main.c:58)
==116049== 
{
   <insert_a_suppression_name_here>
   Memcheck:Leak
   match-leak-kinds: reachable
   fun:malloc
   fun:_nc_first_db
   fun:_nc_read_entry2
   obj:/usr/lib/x86_64-linux-gnu/libtinfo.so.6.3
   fun:_nc_setupterm
   fun:tgetent_sp
   fun:_rl_init_terminal_io
   fun:rl_initialize
   fun:readline
   fun:parsing
   fun:main
}
==116049== 156 bytes in 1 blocks are still reachable in loss record 28 of 73
==116049==    at 0x4E09E3D: realloc (vg_replace_malloc.c:1437)
==116049==    by 0x48BF59C: _nc_doalloc (in /usr/lib/x86_64-linux-gnu/libtinfo.so.6.3)
==116049==    by 0x48CA037: _nc_read_termtype (in /usr/lib/x86_64-linux-gnu/libtinfo.so.6.3)
==116049==    by 0x48CA3AA: ??? (in /usr/lib/x86_64-linux-gnu/libtinfo.so.6.3)
==116049==    by 0x48CCAC0: ??? (in /usr/lib/x86_64-linux-gnu/libtinfo.so.6.3)
==116049==    by 0x48CA53B: _nc_read_entry2 (in /usr/lib/x86_64-linux-gnu/libtinfo.so.6.3)
==116049==    by 0x48CA591: ??? (in /usr/lib/x86_64-linux-gnu/libtinfo.so.6.3)
==116049==    by 0x48CA6E6: _nc_setupterm (in /usr/lib/x86_64-linux-gnu/libtinfo.so.6.3)
==116049==    by 0x48CB349: tgetent_sp (in /usr/lib/x86_64-linux-gnu/libtinfo.so.6.3)
==116049==    by 0x48901CD: _rl_init_terminal_io (in /usr/lib/x86_64-linux-gnu/libreadline.so.8.1)
==116049==    by 0x487CA0F: rl_initialize (in /usr/lib/x86_64-linux-gnu/libreadline.so.8.1)
==116049==    by 0x487CCD4: readline (in /usr/lib/x86_64-linux-gnu/libreadline.so.8.1)
==116049== 
{
   <insert_a_suppression_name_here>
   Memcheck:Leak
   match-leak-kinds: reachable
   fun:realloc
   fun:_nc_doalloc
   fun:_nc_read_termtype
   obj:/usr/lib/x86_64-linux-gnu/libtinfo.so.6.3
   obj:/usr/lib/x86_64-linux-gnu/libtinfo.so.6.3
   fun:_nc_read_entry2
   obj:/usr/lib/x86_64-linux-gnu/libtinfo.so.6.3
   fun:_nc_setupterm
   fun:tgetent_sp
   fun:_rl_init_terminal_io
   fun:rl_initialize
   fun:readline
}
==116049== 168 bytes in 1 blocks are still reachable in loss record 29 of 73
==116049==    at 0x4E09BFD: calloc (vg_replace_malloc.c:1328)
==116049==    by 0x48C2B5D: ??? (in /usr/lib/x86_64-linux-gnu/libtinfo.so.6.3)
==116049==    by 0x48C5F28: _nc_tiparm (in /usr/lib/x86_64-linux-gnu/libtinfo.so.6.3)
==116049==    by 0x10964C: main (main.c:51)
==116049== 
{
   <insert_a_suppression_name_here>
   Memcheck:Leak
   match-leak-kinds: reachable
   fun:calloc
   obj:/usr/lib/x86_64-linux-gnu/libtinfo.so.6.3
   fun:_nc_tiparm
   fun:main
}
==116049== 168 bytes in 1 blocks are still reachable in loss record 30 of 73
==116049==    at 0x4E09BFD: calloc (vg_replace_malloc.c:1328)
==116049==    by 0x48C2B5D: ??? (in /usr/lib/x86_64-linux-gnu/libtinfo.so.6.3)
==116049==    by 0x48C5F28: _nc_tiparm (in /usr/lib/x86_64-linux-gnu/libtinfo.so.6.3)
==116049==    by 0x48CCAFD: ??? (in /usr/lib/x86_64-linux-gnu/libtinfo.so.6.3)
==116049==    by 0x48CCB89: _nc_trim_sgr0 (in /usr/lib/x86_64-linux-gnu/libtinfo.so.6.3)
==116049==    by 0x48CB528: tgetent_sp (in /usr/lib/x86_64-linux-gnu/libtinfo.so.6.3)
==116049==    by 0x48901CD: _rl_init_terminal_io (in /usr/lib/x86_64-linux-gnu/libreadline.so.8.1)
==116049==    by 0x487CA0F: rl_initialize (in /usr/lib/x86_64-linux-gnu/libreadline.so.8.1)
==116049==    by 0x487CCD4: readline (in /usr/lib/x86_64-linux-gnu/libreadline.so.8.1)
==116049==    by 0x109D68: parsing (parsing.c:101)
==116049==    by 0x1096B5: main (main.c:58)
==116049== 
{
   <insert_a_suppression_name_here>
   Memcheck:Leak
   match-leak-kinds: reachable
   fun:calloc
   obj:/usr/lib/x86_64-linux-gnu/libtinfo.so.6.3
   fun:_nc_tiparm
   obj:/usr/lib/x86_64-linux-gnu/libtinfo.so.6.3
   fun:_nc_trim_sgr0
   fun:tgetent_sp
   fun:_rl_init_terminal_io
   fun:rl_initialize
   fun:readline
   fun:parsing
   fun:main
}
==116049== 168 bytes in 1 blocks are still reachable in loss record 31 of 73
==116049==    at 0x4E09BFD: calloc (vg_replace_malloc.c:1328)
==116049==    by 0x48C2B5D: ??? (in /usr/lib/x86_64-linux-gnu/libtinfo.so.6.3)
==116049==    by 0x48C5F28: _nc_tiparm (in /usr/lib/x86_64-linux-gnu/libtinfo.so.6.3)
==116049==    by 0x48858B1: ??? (in /usr/lib/x86_64-linux-gnu/libreadline.so.8.1)
==116049==    by 0x4886CE1: rl_redisplay (in /usr/lib/x86_64-linux-gnu/libreadline.so.8.1)
==116049==    by 0x4873B56: _rl_internal_char_cleanup (in /usr/lib/x86_64-linux-gnu/libreadline.so.8.1)
==116049==    by 0x4873D8F: readline_internal_char (in /usr/lib/x86_64-linux-gnu/libreadline.so.8.1)
==116049==    by 0x487CD14: readline (in /usr/lib/x86_64-linux-gnu/libreadline.so.8.1)
==116049==    by 0x109D68: parsing (parsing.c:101)
==116049==    by 0x1096B5: main (main.c:58)
==116049== 
{
   <insert_a_suppression_name_here>
   Memcheck:Leak
   match-leak-kinds: reachable
   fun:calloc
   obj:/usr/lib/x86_64-linux-gnu/libtinfo.so.6.3
   fun:_nc_tiparm
   obj:/usr/lib/x86_64-linux-gnu/libreadline.so.8.1
   fun:rl_redisplay
   fun:_rl_internal_char_cleanup
   fun:readline_internal_char
   fun:readline
   fun:parsing
   fun:main
}
==116049== 256 bytes in 1 blocks are still reachable in loss record 32 of 73
==116049==    at 0x4E05045: malloc (vg_replace_malloc.c:381)
==116049==    by 0x4894BAC: xmalloc (in /usr/lib/x86_64-linux-gnu/libreadline.so.8.1)
==116049==    by 0x487CC86: rl_initialize (in /usr/lib/x86_64-linux-gnu/libreadline.so.8.1)
==116049==    by 0x487CCD4: readline (in /usr/lib/x86_64-linux-gnu/libreadline.so.8.1)
==116049==    by 0x109D68: parsing (parsing.c:101)
==116049==    by 0x1096B5: main (main.c:58)
==116049== 
{
   <insert_a_suppression_name_here>
   Memcheck:Leak
   match-leak-kinds: reachable
   fun:malloc
   fun:xmalloc
   fun:rl_initialize
   fun:readline
   fun:parsing
   fun:main
}
==116049== 608 bytes in 1 blocks are still reachable in loss record 33 of 73
==116049==    at 0x4E09BFD: calloc (vg_replace_malloc.c:1328)
==116049==    by 0x48CA1FF: _nc_read_termtype (in /usr/lib/x86_64-linux-gnu/libtinfo.so.6.3)
==116049==    by 0x48CA3AA: ??? (in /usr/lib/x86_64-linux-gnu/libtinfo.so.6.3)
==116049==    by 0x48CCAC0: ??? (in /usr/lib/x86_64-linux-gnu/libtinfo.so.6.3)
==116049==    by 0x48CA53B: _nc_read_entry2 (in /usr/lib/x86_64-linux-gnu/libtinfo.so.6.3)
==116049==    by 0x48CA591: ??? (in /usr/lib/x86_64-linux-gnu/libtinfo.so.6.3)
==116049==    by 0x48CA6E6: _nc_setupterm (in /usr/lib/x86_64-linux-gnu/libtinfo.so.6.3)
==116049==    by 0x48CB349: tgetent_sp (in /usr/lib/x86_64-linux-gnu/libtinfo.so.6.3)
==116049==    by 0x48901CD: _rl_init_terminal_io (in /usr/lib/x86_64-linux-gnu/libreadline.so.8.1)
==116049==    by 0x487CA0F: rl_initialize (in /usr/lib/x86_64-linux-gnu/libreadline.so.8.1)
==116049==    by 0x487CCD4: readline (in /usr/lib/x86_64-linux-gnu/libreadline.so.8.1)
==116049==    by 0x109D68: parsing (parsing.c:101)
==116049== 
{
   <insert_a_suppression_name_here>
   Memcheck:Leak
   match-leak-kinds: reachable
   fun:calloc
   fun:_nc_read_termtype
   obj:/usr/lib/x86_64-linux-gnu/libtinfo.so.6.3
   obj:/usr/lib/x86_64-linux-gnu/libtinfo.so.6.3
   fun:_nc_read_entry2
   obj:/usr/lib/x86_64-linux-gnu/libtinfo.so.6.3
   fun:_nc_setupterm
   fun:tgetent_sp
   fun:_rl_init_terminal_io
   fun:rl_initialize
   fun:readline
   fun:parsing
}
==116049== 608 bytes in 1 blocks are still reachable in loss record 34 of 73
==116049==    at 0x4E05045: malloc (vg_replace_malloc.c:381)
==116049==    by 0x48BEFE9: ??? (in /usr/lib/x86_64-linux-gnu/libtinfo.so.6.3)
==116049==    by 0x48CA6FD: _nc_setupterm (in /usr/lib/x86_64-linux-gnu/libtinfo.so.6.3)
==116049==    by 0x48CB349: tgetent_sp (in /usr/lib/x86_64-linux-gnu/libtinfo.so.6.3)
==116049==    by 0x48901CD: _rl_init_terminal_io (in /usr/lib/x86_64-linux-gnu/libreadline.so.8.1)
==116049==    by 0x487CA0F: rl_initialize (in /usr/lib/x86_64-linux-gnu/libreadline.so.8.1)
==116049==    by 0x487CCD4: readline (in /usr/lib/x86_64-linux-gnu/libreadline.so.8.1)
==116049==    by 0x109D68: parsing (parsing.c:101)
==116049==    by 0x1096B5: main (main.c:58)
==116049== 
{
   <insert_a_suppression_name_here>
   Memcheck:Leak
   match-leak-kinds: reachable
   fun:malloc
   obj:/usr/lib/x86_64-linux-gnu/libtinfo.so.6.3
   fun:_nc_setupterm
   fun:tgetent_sp
   fun:_rl_init_terminal_io
   fun:rl_initialize
   fun:readline
   fun:parsing
   fun:main
}
==116049== 760 bytes in 1 blocks are still reachable in loss record 35 of 73
==116049==    at 0x4E09BFD: calloc (vg_replace_malloc.c:1328)
==116049==    by 0x48CA699: _nc_setupterm (in /usr/lib/x86_64-linux-gnu/libtinfo.so.6.3)
==116049==    by 0x48CB349: tgetent_sp (in /usr/lib/x86_64-linux-gnu/libtinfo.so.6.3)
==116049==    by 0x48901CD: _rl_init_terminal_io (in /usr/lib/x86_64-linux-gnu/libreadline.so.8.1)
==116049==    by 0x487CA0F: rl_initialize (in /usr/lib/x86_64-linux-gnu/libreadline.so.8.1)
==116049==    by 0x487CCD4: readline (in /usr/lib/x86_64-linux-gnu/libreadline.so.8.1)
==116049==    by 0x109D68: parsing (parsing.c:101)
==116049==    by 0x1096B5: main (main.c:58)
==116049== 
{
   <insert_a_suppression_name_here>
   Memcheck:Leak
   match-leak-kinds: reachable
   fun:calloc
   fun:_nc_setupterm
   fun:tgetent_sp
   fun:_rl_init_terminal_io
   fun:rl_initialize
   fun:readline
   fun:parsing
   fun:main
}
==116049== 940 bytes in 1 blocks are still reachable in loss record 36 of 73
==116049==    at 0x4E05045: malloc (vg_replace_malloc.c:381)
==116049==    by 0x48CA127: _nc_read_termtype (in /usr/lib/x86_64-linux-gnu/libtinfo.so.6.3)
==116049==    by 0x48CA3AA: ??? (in /usr/lib/x86_64-linux-gnu/libtinfo.so.6.3)
==116049==    by 0x48CCAC0: ??? (in /usr/lib/x86_64-linux-gnu/libtinfo.so.6.3)
==116049==    by 0x48CA53B: _nc_read_entry2 (in /usr/lib/x86_64-linux-gnu/libtinfo.so.6.3)
==116049==    by 0x48CA591: ??? (in /usr/lib/x86_64-linux-gnu/libtinfo.so.6.3)
==116049==    by 0x48CA6E6: _nc_setupterm (in /usr/lib/x86_64-linux-gnu/libtinfo.so.6.3)
==116049==    by 0x48CB349: tgetent_sp (in /usr/lib/x86_64-linux-gnu/libtinfo.so.6.3)
==116049==    by 0x48901CD: _rl_init_terminal_io (in /usr/lib/x86_64-linux-gnu/libreadline.so.8.1)
==116049==    by 0x487CA0F: rl_initialize (in /usr/lib/x86_64-linux-gnu/libreadline.so.8.1)
==116049==    by 0x487CCD4: readline (in /usr/lib/x86_64-linux-gnu/libreadline.so.8.1)
==116049==    by 0x109D68: parsing (parsing.c:101)
==116049== 
{
   <insert_a_suppression_name_here>
   Memcheck:Leak
   match-leak-kinds: reachable
   fun:malloc
   fun:_nc_read_termtype
   obj:/usr/lib/x86_64-linux-gnu/libtinfo.so.6.3
   obj:/usr/lib/x86_64-linux-gnu/libtinfo.so.6.3
   fun:_nc_read_entry2
   obj:/usr/lib/x86_64-linux-gnu/libtinfo.so.6.3
   fun:_nc_setupterm
   fun:tgetent_sp
   fun:_rl_init_terminal_io
   fun:rl_initialize
   fun:readline
   fun:parsing
}
==116049== 1,024 bytes in 1 blocks are still reachable in loss record 37 of 73
==116049==    at 0x4E05045: malloc (vg_replace_malloc.c:381)
==116049==    by 0x48954A7: xrealloc (in /usr/lib/x86_64-linux-gnu/libreadline.so.8.1)
==116049==    by 0x487EC7B: ??? (in /usr/lib/x86_64-linux-gnu/libreadline.so.8.1)
==116049==    by 0x487ED67: ??? (in /usr/lib/x86_64-linux-gnu/libreadline.so.8.1)
==116049==    by 0x4887C7E: rl_redisplay (in /usr/lib/x86_64-linux-gnu/libreadline.so.8.1)
==116049==    by 0x4872458: readline_internal_setup (in /usr/lib/x86_64-linux-gnu/libreadline.so.8.1)
==116049==    by 0x487CCF8: readline (in /usr/lib/x86_64-linux-gnu/libreadline.so.8.1)
==116049==    by 0x109D68: parsing (parsing.c:101)
==116049==    by 0x1096B5: main (main.c:58)
==116049== 
{
   <insert_a_suppression_name_here>
   Memcheck:Leak
   match-leak-kinds: reachable
   fun:malloc
   fun:xrealloc
   obj:/usr/lib/x86_64-linux-gnu/libreadline.so.8.1
   obj:/usr/lib/x86_64-linux-gnu/libreadline.so.8.1
   fun:rl_redisplay
   fun:readline_internal_setup
   fun:readline
   fun:parsing
   fun:main
}
==116049== 1,024 bytes in 1 blocks are still reachable in loss record 38 of 73
==116049==    at 0x4E05045: malloc (vg_replace_malloc.c:381)
==116049==    by 0x48954A7: xrealloc (in /usr/lib/x86_64-linux-gnu/libreadline.so.8.1)
==116049==    by 0x487EC8B: ??? (in /usr/lib/x86_64-linux-gnu/libreadline.so.8.1)
==116049==    by 0x487ED67: ??? (in /usr/lib/x86_64-linux-gnu/libreadline.so.8.1)
==116049==    by 0x4887C7E: rl_redisplay (in /usr/lib/x86_64-linux-gnu/libreadline.so.8.1)
==116049==    by 0x4872458: readline_internal_setup (in /usr/lib/x86_64-linux-gnu/libreadline.so.8.1)
==116049==    by 0x487CCF8: readline (in /usr/lib/x86_64-linux-gnu/libreadline.so.8.1)
==116049==    by 0x109D68: parsing (parsing.c:101)
==116049==    by 0x1096B5: main (main.c:58)
==116049== 
{
   <insert_a_suppression_name_here>
   Memcheck:Leak
   match-leak-kinds: reachable
   fun:malloc
   fun:xrealloc
   obj:/usr/lib/x86_64-linux-gnu/libreadline.so.8.1
   obj:/usr/lib/x86_64-linux-gnu/libreadline.so.8.1
   fun:rl_redisplay
   fun:readline_internal_setup
   fun:readline
   fun:parsing
   fun:main
}
==116049== 1,024 bytes in 1 blocks are still reachable in loss record 39 of 73
==116049==    at 0x4E05045: malloc (vg_replace_malloc.c:381)
==116049==    by 0x48954A7: xrealloc (in /usr/lib/x86_64-linux-gnu/libreadline.so.8.1)
==116049==    by 0x487ECA2: ??? (in /usr/lib/x86_64-linux-gnu/libreadline.so.8.1)
==116049==    by 0x487ED67: ??? (in /usr/lib/x86_64-linux-gnu/libreadline.so.8.1)
==116049==    by 0x4887C7E: rl_redisplay (in /usr/lib/x86_64-linux-gnu/libreadline.so.8.1)
==116049==    by 0x4872458: readline_internal_setup (in /usr/lib/x86_64-linux-gnu/libreadline.so.8.1)
==116049==    by 0x487CCF8: readline (in /usr/lib/x86_64-linux-gnu/libreadline.so.8.1)
==116049==    by 0x109D68: parsing (parsing.c:101)
==116049==    by 0x1096B5: main (main.c:58)
==116049== 
{
   <insert_a_suppression_name_here>
   Memcheck:Leak
   match-leak-kinds: reachable
   fun:malloc
   fun:xrealloc
   obj:/usr/lib/x86_64-linux-gnu/libreadline.so.8.1
   obj:/usr/lib/x86_64-linux-gnu/libreadline.so.8.1
   fun:rl_redisplay
   fun:readline_internal_setup
   fun:readline
   fun:parsing
   fun:main
}
==116049== 1,024 bytes in 1 blocks are still reachable in loss record 40 of 73
==116049==    at 0x4E05045: malloc (vg_replace_malloc.c:381)
==116049==    by 0x48954A7: xrealloc (in /usr/lib/x86_64-linux-gnu/libreadline.so.8.1)
==116049==    by 0x487ECBB: ??? (in /usr/lib/x86_64-linux-gnu/libreadline.so.8.1)
==116049==    by 0x487ED67: ??? (in /usr/lib/x86_64-linux-gnu/libreadline.so.8.1)
==116049==    by 0x4887C7E: rl_redisplay (in /usr/lib/x86_64-linux-gnu/libreadline.so.8.1)
==116049==    by 0x4872458: readline_internal_setup (in /usr/lib/x86_64-linux-gnu/libreadline.so.8.1)
==116049==    by 0x487CCF8: readline (in /usr/lib/x86_64-linux-gnu/libreadline.so.8.1)
==116049==    by 0x109D68: parsing (parsing.c:101)
==116049==    by 0x1096B5: main (main.c:58)
==116049== 
{
   <insert_a_suppression_name_here>
   Memcheck:Leak
   match-leak-kinds: reachable
   fun:malloc
   fun:xrealloc
   obj:/usr/lib/x86_64-linux-gnu/libreadline.so.8.1
   obj:/usr/lib/x86_64-linux-gnu/libreadline.so.8.1
   fun:rl_redisplay
   fun:readline_internal_setup
   fun:readline
   fun:parsing
   fun:main
}
==116049== 1,024 bytes in 1 blocks are still reachable in loss record 41 of 73
==116049==    at 0x4E05045: malloc (vg_replace_malloc.c:381)
==116049==    by 0x4894BAC: xmalloc (in /usr/lib/x86_64-linux-gnu/libreadline.so.8.1)
==116049==    by 0x487EDC5: ??? (in /usr/lib/x86_64-linux-gnu/libreadline.so.8.1)
==116049==    by 0x4887C7E: rl_redisplay (in /usr/lib/x86_64-linux-gnu/libreadline.so.8.1)
==116049==    by 0x4872458: readline_internal_setup (in /usr/lib/x86_64-linux-gnu/libreadline.so.8.1)
==116049==    by 0x487CCF8: readline (in /usr/lib/x86_64-linux-gnu/libreadline.so.8.1)
==116049==    by 0x109D68: parsing (parsing.c:101)
==116049==    by 0x1096B5: main (main.c:58)
==116049== 
{
   <insert_a_suppression_name_here>
   Memcheck:Leak
   match-leak-kinds: reachable
   fun:malloc
   fun:xmalloc
   obj:/usr/lib/x86_64-linux-gnu/libreadline.so.8.1
   fun:rl_redisplay
   fun:readline_internal_setup
   fun:readline
   fun:parsing
   fun:main
}
==116049== 1,024 bytes in 1 blocks are still reachable in loss record 42 of 73
==116049==    at 0x4E05045: malloc (vg_replace_malloc.c:381)
==116049==    by 0x4894BAC: xmalloc (in /usr/lib/x86_64-linux-gnu/libreadline.so.8.1)
==116049==    by 0x487EDDA: ??? (in /usr/lib/x86_64-linux-gnu/libreadline.so.8.1)
==116049==    by 0x4887C7E: rl_redisplay (in /usr/lib/x86_64-linux-gnu/libreadline.so.8.1)
==116049==    by 0x4872458: readline_internal_setup (in /usr/lib/x86_64-linux-gnu/libreadline.so.8.1)
==116049==    by 0x487CCF8: readline (in /usr/lib/x86_64-linux-gnu/libreadline.so.8.1)
==116049==    by 0x109D68: parsing (parsing.c:101)
==116049==    by 0x1096B5: main (main.c:58)
==116049== 
{
   <insert_a_suppression_name_here>
   Memcheck:Leak
   match-leak-kinds: reachable
   fun:malloc
   fun:xmalloc
   obj:/usr/lib/x86_64-linux-gnu/libreadline.so.8.1
   fun:rl_redisplay
   fun:readline_internal_setup
   fun:readline
   fun:parsing
   fun:main
}
==116049== 1,024 bytes in 1 blocks are still reachable in loss record 43 of 73
==116049==    at 0x4E05045: malloc (vg_replace_malloc.c:381)
==116049==    by 0x4894BAC: xmalloc (in /usr/lib/x86_64-linux-gnu/libreadline.so.8.1)
==116049==    by 0x487EDE8: ??? (in /usr/lib/x86_64-linux-gnu/libreadline.so.8.1)
==116049==    by 0x4887C7E: rl_redisplay (in /usr/lib/x86_64-linux-gnu/libreadline.so.8.1)
==116049==    by 0x4872458: readline_internal_setup (in /usr/lib/x86_64-linux-gnu/libreadline.so.8.1)
==116049==    by 0x487CCF8: readline (in /usr/lib/x86_64-linux-gnu/libreadline.so.8.1)
==116049==    by 0x109D68: parsing (parsing.c:101)
==116049==    by 0x1096B5: main (main.c:58)
==116049== 
{
   <insert_a_suppression_name_here>
   Memcheck:Leak
   match-leak-kinds: reachable
   fun:malloc
   fun:xmalloc
   obj:/usr/lib/x86_64-linux-gnu/libreadline.so.8.1
   fun:rl_redisplay
   fun:readline_internal_setup
   fun:readline
   fun:parsing
   fun:main
}
==116049== 1,024 bytes in 1 blocks are still reachable in loss record 44 of 73
==116049==    at 0x4E05045: malloc (vg_replace_malloc.c:381)
==116049==    by 0x4894BAC: xmalloc (in /usr/lib/x86_64-linux-gnu/libreadline.so.8.1)
==116049==    by 0x487EDF6: ??? (in /usr/lib/x86_64-linux-gnu/libreadline.so.8.1)
==116049==    by 0x4887C7E: rl_redisplay (in /usr/lib/x86_64-linux-gnu/libreadline.so.8.1)
==116049==    by 0x4872458: readline_internal_setup (in /usr/lib/x86_64-linux-gnu/libreadline.so.8.1)
==116049==    by 0x487CCF8: readline (in /usr/lib/x86_64-linux-gnu/libreadline.so.8.1)
==116049==    by 0x109D68: parsing (parsing.c:101)
==116049==    by 0x1096B5: main (main.c:58)
==116049== 
{
   <insert_a_suppression_name_here>
   Memcheck:Leak
   match-leak-kinds: reachable
   fun:malloc
   fun:xmalloc
   obj:/usr/lib/x86_64-linux-gnu/libreadline.so.8.1
   fun:rl_redisplay
   fun:readline_internal_setup
   fun:readline
   fun:parsing
   fun:main
}
==116049== 1,536 bytes in 1 blocks are still reachable in loss record 45 of 73
==116049==    at 0x4E09E3D: realloc (vg_replace_malloc.c:1437)
==116049==    by 0x4895491: xrealloc (in /usr/lib/x86_64-linux-gnu/libreadline.so.8.1)
==116049==    by 0x4872877: rl_add_funmap_entry (in /usr/lib/x86_64-linux-gnu/libreadline.so.8.1)
==116049==    by 0x48728C8: rl_initialize_funmap (in /usr/lib/x86_64-linux-gnu/libreadline.so.8.1)
==116049==    by 0x487CA2C: rl_initialize (in /usr/lib/x86_64-linux-gnu/libreadline.so.8.1)
==116049==    by 0x487CCD4: readline (in /usr/lib/x86_64-linux-gnu/libreadline.so.8.1)
==116049==    by 0x109D68: parsing (parsing.c:101)
==116049==    by 0x1096B5: main (main.c:58)
==116049== 
{
   <insert_a_suppression_name_here>
   Memcheck:Leak
   match-leak-kinds: reachable
   fun:realloc
   fun:xrealloc
   fun:rl_add_funmap_entry
   fun:rl_initialize_funmap
   fun:rl_initialize
   fun:readline
   fun:parsing
   fun:main
}
==116049== 1,664 bytes in 1 blocks are still reachable in loss record 46 of 73
==116049==    at 0x4E05045: malloc (vg_replace_malloc.c:381)
==116049==    by 0x48C996D: _nc_read_termtype (in /usr/lib/x86_64-linux-gnu/libtinfo.so.6.3)
==116049==    by 0x48CA3AA: ??? (in /usr/lib/x86_64-linux-gnu/libtinfo.so.6.3)
==116049==    by 0x48CCAC0: ??? (in /usr/lib/x86_64-linux-gnu/libtinfo.so.6.3)
==116049==    by 0x48CA53B: _nc_read_entry2 (in /usr/lib/x86_64-linux-gnu/libtinfo.so.6.3)
==116049==    by 0x48CA591: ??? (in /usr/lib/x86_64-linux-gnu/libtinfo.so.6.3)
==116049==    by 0x48CA6E6: _nc_setupterm (in /usr/lib/x86_64-linux-gnu/libtinfo.so.6.3)
==116049==    by 0x48CB349: tgetent_sp (in /usr/lib/x86_64-linux-gnu/libtinfo.so.6.3)
==116049==    by 0x48901CD: _rl_init_terminal_io (in /usr/lib/x86_64-linux-gnu/libreadline.so.8.1)
==116049==    by 0x487CA0F: rl_initialize (in /usr/lib/x86_64-linux-gnu/libreadline.so.8.1)
==116049==    by 0x487CCD4: readline (in /usr/lib/x86_64-linux-gnu/libreadline.so.8.1)
==116049==    by 0x109D68: parsing (parsing.c:101)
==116049== 
{
   <insert_a_suppression_name_here>
   Memcheck:Leak
   match-leak-kinds: reachable
   fun:malloc
   fun:_nc_read_termtype
   obj:/usr/lib/x86_64-linux-gnu/libtinfo.so.6.3
   obj:/usr/lib/x86_64-linux-gnu/libtinfo.so.6.3
   fun:_nc_read_entry2
   obj:/usr/lib/x86_64-linux-gnu/libtinfo.so.6.3
   fun:_nc_setupterm
   fun:tgetent_sp
   fun:_rl_init_terminal_io
   fun:rl_initialize
   fun:readline
   fun:parsing
}
==116049== 2,032 bytes in 1 blocks are still reachable in loss record 47 of 73
==116049==    at 0x4E05045: malloc (vg_replace_malloc.c:381)
==116049==    by 0x4894BAC: xmalloc (in /usr/lib/x86_64-linux-gnu/libreadline.so.8.1)
==116049==    by 0x4890419: _rl_init_terminal_io (in /usr/lib/x86_64-linux-gnu/libreadline.so.8.1)
==116049==    by 0x487CA0F: rl_initialize (in /usr/lib/x86_64-linux-gnu/libreadline.so.8.1)
==116049==    by 0x487CCD4: readline (in /usr/lib/x86_64-linux-gnu/libreadline.so.8.1)
==116049==    by 0x109D68: parsing (parsing.c:101)
==116049==    by 0x1096B5: main (main.c:58)
==116049== 
{
   <insert_a_suppression_name_here>
   Memcheck:Leak
   match-leak-kinds: reachable
   fun:malloc
   fun:xmalloc
   fun:_rl_init_terminal_io
   fun:rl_initialize
   fun:readline
   fun:parsing
   fun:main
}
==116049== 2,240 bytes in 140 blocks are still reachable in loss record 48 of 73
==116049==    at 0x4E05045: malloc (vg_replace_malloc.c:381)
==116049==    by 0x4894BAC: xmalloc (in /usr/lib/x86_64-linux-gnu/libreadline.so.8.1)
==116049==    by 0x4872822: rl_add_funmap_entry (in /usr/lib/x86_64-linux-gnu/libreadline.so.8.1)
==116049==    by 0x48728C8: rl_initialize_funmap (in /usr/lib/x86_64-linux-gnu/libreadline.so.8.1)
==116049==    by 0x487CA2C: rl_initialize (in /usr/lib/x86_64-linux-gnu/libreadline.so.8.1)
==116049==    by 0x487CCD4: readline (in /usr/lib/x86_64-linux-gnu/libreadline.so.8.1)
==116049==    by 0x109D68: parsing (parsing.c:101)
==116049==    by 0x1096B5: main (main.c:58)
==116049== 
{
   <insert_a_suppression_name_here>
   Memcheck:Leak
   match-leak-kinds: reachable
   fun:malloc
   fun:xmalloc
   fun:rl_add_funmap_entry
   fun:rl_initialize_funmap
   fun:rl_initialize
   fun:readline
   fun:parsing
   fun:main
}
==116049== 3,904 bytes in 1 blocks are still reachable in loss record 49 of 73
==116049==    at 0x4E09E3D: realloc (vg_replace_malloc.c:1437)
==116049==    by 0x48BF59C: _nc_doalloc (in /usr/lib/x86_64-linux-gnu/libtinfo.so.6.3)
==116049==    by 0x48CA055: _nc_read_termtype (in /usr/lib/x86_64-linux-gnu/libtinfo.so.6.3)
==116049==    by 0x48CA3AA: ??? (in /usr/lib/x86_64-linux-gnu/libtinfo.so.6.3)
==116049==    by 0x48CCAC0: ??? (in /usr/lib/x86_64-linux-gnu/libtinfo.so.6.3)
==116049==    by 0x48CA53B: _nc_read_entry2 (in /usr/lib/x86_64-linux-gnu/libtinfo.so.6.3)
==116049==    by 0x48CA591: ??? (in /usr/lib/x86_64-linux-gnu/libtinfo.so.6.3)
==116049==    by 0x48CA6E6: _nc_setupterm (in /usr/lib/x86_64-linux-gnu/libtinfo.so.6.3)
==116049==    by 0x48CB349: tgetent_sp (in /usr/lib/x86_64-linux-gnu/libtinfo.so.6.3)
==116049==    by 0x48901CD: _rl_init_terminal_io (in /usr/lib/x86_64-linux-gnu/libreadline.so.8.1)
==116049==    by 0x487CA0F: rl_initialize (in /usr/lib/x86_64-linux-gnu/libreadline.so.8.1)
==116049==    by 0x487CCD4: readline (in /usr/lib/x86_64-linux-gnu/libreadline.so.8.1)
==116049== 
{
   <insert_a_suppression_name_here>
   Memcheck:Leak
   match-leak-kinds: reachable
   fun:realloc
   fun:_nc_doalloc
   fun:_nc_read_termtype
   obj:/usr/lib/x86_64-linux-gnu/libtinfo.so.6.3
   obj:/usr/lib/x86_64-linux-gnu/libtinfo.so.6.3
   fun:_nc_read_entry2
   obj:/usr/lib/x86_64-linux-gnu/libtinfo.so.6.3
   fun:_nc_setupterm
   fun:tgetent_sp
   fun:_rl_init_terminal_io
   fun:rl_initialize
   fun:readline
}
==116049== 3,904 bytes in 1 blocks are still reachable in loss record 50 of 73
==116049==    at 0x4E05045: malloc (vg_replace_malloc.c:381)
==116049==    by 0x48BEECF: ??? (in /usr/lib/x86_64-linux-gnu/libtinfo.so.6.3)
==116049==    by 0x48CA6FD: _nc_setupterm (in /usr/lib/x86_64-linux-gnu/libtinfo.so.6.3)
==116049==    by 0x48CB349: tgetent_sp (in /usr/lib/x86_64-linux-gnu/libtinfo.so.6.3)
==116049==    by 0x48901CD: _rl_init_terminal_io (in /usr/lib/x86_64-linux-gnu/libreadline.so.8.1)
==116049==    by 0x487CA0F: rl_initialize (in /usr/lib/x86_64-linux-gnu/libreadline.so.8.1)
==116049==    by 0x487CCD4: readline (in /usr/lib/x86_64-linux-gnu/libreadline.so.8.1)
==116049==    by 0x109D68: parsing (parsing.c:101)
==116049==    by 0x1096B5: main (main.c:58)
==116049== 
{
   <insert_a_suppression_name_here>
   Memcheck:Leak
   match-leak-kinds: reachable
   fun:malloc
   obj:/usr/lib/x86_64-linux-gnu/libtinfo.so.6.3
   fun:_nc_setupterm
   fun:tgetent_sp
   fun:_rl_init_terminal_io
   fun:rl_initialize
   fun:readline
   fun:parsing
   fun:main
}
==116049== 4,016 bytes in 1 blocks are still reachable in loss record 51 of 73
==116049==    at 0x4E05045: malloc (vg_replace_malloc.c:381)
==116049==    by 0x4894BAC: xmalloc (in /usr/lib/x86_64-linux-gnu/libreadline.so.8.1)
==116049==    by 0x488DFD6: add_history (in /usr/lib/x86_64-linux-gnu/libreadline.so.8.1)
==116049==    by 0x109DB3: parsing (parsing.c:105)
==116049==    by 0x1096B5: main (main.c:58)
==116049== 
{
   <insert_a_suppression_name_here>
   Memcheck:Leak
   match-leak-kinds: reachable
   fun:malloc
   fun:xmalloc
   fun:add_history
   fun:parsing
   fun:main
}
==116049== 4,080 bytes in 1 blocks are still reachable in loss record 52 of 73
==116049==    at 0x4E05045: malloc (vg_replace_malloc.c:381)
==116049==    by 0x4894BAC: xmalloc (in /usr/lib/x86_64-linux-gnu/libreadline.so.8.1)
==116049==    by 0x48903F9: _rl_init_terminal_io (in /usr/lib/x86_64-linux-gnu/libreadline.so.8.1)
==116049==    by 0x487CA0F: rl_initialize (in /usr/lib/x86_64-linux-gnu/libreadline.so.8.1)
==116049==    by 0x487CCD4: readline (in /usr/lib/x86_64-linux-gnu/libreadline.so.8.1)
==116049==    by 0x109D68: parsing (parsing.c:101)
==116049==    by 0x1096B5: main (main.c:58)
==116049== 
{
   <insert_a_suppression_name_here>
   Memcheck:Leak
   match-leak-kinds: reachable
   fun:malloc
   fun:xmalloc
   fun:_rl_init_terminal_io
   fun:rl_initialize
   fun:readline
   fun:parsing
   fun:main
}
==116049== 4,112 bytes in 1 blocks are still reachable in loss record 53 of 73
==116049==    at 0x4E05045: malloc (vg_replace_malloc.c:381)
==116049==    by 0x4894BAC: xmalloc (in /usr/lib/x86_64-linux-gnu/libreadline.so.8.1)
==116049==    by 0x4871251: rl_make_bare_keymap (in /usr/lib/x86_64-linux-gnu/libreadline.so.8.1)
==116049==    by 0x4871B6A: rl_generic_bind (in /usr/lib/x86_64-linux-gnu/libreadline.so.8.1)
==116049==    by 0x487C75D: rl_bind_keyseq_if_unbound_in_map (in /usr/lib/x86_64-linux-gnu/libreadline.so.8.1)
==116049==    by 0x488FDD5: ??? (in /usr/lib/x86_64-linux-gnu/libreadline.so.8.1)
==116049==    by 0x489031F: _rl_init_terminal_io (in /usr/lib/x86_64-linux-gnu/libreadline.so.8.1)
==116049==    by 0x487CA0F: rl_initialize (in /usr/lib/x86_64-linux-gnu/libreadline.so.8.1)
==116049==    by 0x487CCD4: readline (in /usr/lib/x86_64-linux-gnu/libreadline.so.8.1)
==116049==    by 0x109D68: parsing (parsing.c:101)
==116049==    by 0x1096B5: main (main.c:58)
==116049== 
{
   <insert_a_suppression_name_here>
   Memcheck:Leak
   match-leak-kinds: reachable
   fun:malloc
   fun:xmalloc
   fun:rl_make_bare_keymap
   fun:rl_generic_bind
   fun:rl_bind_keyseq_if_unbound_in_map
   obj:/usr/lib/x86_64-linux-gnu/libreadline.so.8.1
   fun:_rl_init_terminal_io
   fun:rl_initialize
   fun:readline
   fun:parsing
   fun:main
}
==116049== 4,112 bytes in 1 blocks are still reachable in loss record 54 of 73
==116049==    at 0x4E05045: malloc (vg_replace_malloc.c:381)
==116049==    by 0x4894BAC: xmalloc (in /usr/lib/x86_64-linux-gnu/libreadline.so.8.1)
==116049==    by 0x4871251: rl_make_bare_keymap (in /usr/lib/x86_64-linux-gnu/libreadline.so.8.1)
==116049==    by 0x4871B6A: rl_generic_bind (in /usr/lib/x86_64-linux-gnu/libreadline.so.8.1)
==116049==    by 0x487C75D: rl_bind_keyseq_if_unbound_in_map (in /usr/lib/x86_64-linux-gnu/libreadline.so.8.1)
==116049==    by 0x488FE5A: ??? (in /usr/lib/x86_64-linux-gnu/libreadline.so.8.1)
==116049==    by 0x489031F: _rl_init_terminal_io (in /usr/lib/x86_64-linux-gnu/libreadline.so.8.1)
==116049==    by 0x487CA0F: rl_initialize (in /usr/lib/x86_64-linux-gnu/libreadline.so.8.1)
==116049==    by 0x487CCD4: readline (in /usr/lib/x86_64-linux-gnu/libreadline.so.8.1)
==116049==    by 0x109D68: parsing (parsing.c:101)
==116049==    by 0x1096B5: main (main.c:58)
==116049== 
{
   <insert_a_suppression_name_here>
   Memcheck:Leak
   match-leak-kinds: reachable
   fun:malloc
   fun:xmalloc
   fun:rl_make_bare_keymap
   fun:rl_generic_bind
   fun:rl_bind_keyseq_if_unbound_in_map
   obj:/usr/lib/x86_64-linux-gnu/libreadline.so.8.1
   fun:_rl_init_terminal_io
   fun:rl_initialize
   fun:readline
   fun:parsing
   fun:main
}
==116049== 4,112 bytes in 1 blocks are still reachable in loss record 55 of 73
==116049==    at 0x4E05045: malloc (vg_replace_malloc.c:381)
==116049==    by 0x4894BAC: xmalloc (in /usr/lib/x86_64-linux-gnu/libreadline.so.8.1)
==116049==    by 0x4871251: rl_make_bare_keymap (in /usr/lib/x86_64-linux-gnu/libreadline.so.8.1)
==116049==    by 0x4871B6A: rl_generic_bind (in /usr/lib/x86_64-linux-gnu/libreadline.so.8.1)
==116049==    by 0x487C75D: rl_bind_keyseq_if_unbound_in_map (in /usr/lib/x86_64-linux-gnu/libreadline.so.8.1)
==116049==    by 0x488FE5A: ??? (in /usr/lib/x86_64-linux-gnu/libreadline.so.8.1)
==116049==    by 0x489032B: _rl_init_terminal_io (in /usr/lib/x86_64-linux-gnu/libreadline.so.8.1)
==116049==    by 0x487CA0F: rl_initialize (in /usr/lib/x86_64-linux-gnu/libreadline.so.8.1)
==116049==    by 0x487CCD4: readline (in /usr/lib/x86_64-linux-gnu/libreadline.so.8.1)
==116049==    by 0x109D68: parsing (parsing.c:101)
==116049==    by 0x1096B5: main (main.c:58)
==116049== 
{
   <insert_a_suppression_name_here>
   Memcheck:Leak
   match-leak-kinds: reachable
   fun:malloc
   fun:xmalloc
   fun:rl_make_bare_keymap
   fun:rl_generic_bind
   fun:rl_bind_keyseq_if_unbound_in_map
   obj:/usr/lib/x86_64-linux-gnu/libreadline.so.8.1
   fun:_rl_init_terminal_io
   fun:rl_initialize
   fun:readline
   fun:parsing
   fun:main
}
==116049== 4,112 bytes in 1 blocks are still reachable in loss record 56 of 73
==116049==    at 0x4E05045: malloc (vg_replace_malloc.c:381)
==116049==    by 0x4894BAC: xmalloc (in /usr/lib/x86_64-linux-gnu/libreadline.so.8.1)
==116049==    by 0x4871251: rl_make_bare_keymap (in /usr/lib/x86_64-linux-gnu/libreadline.so.8.1)
==116049==    by 0x4871B6A: rl_generic_bind (in /usr/lib/x86_64-linux-gnu/libreadline.so.8.1)
==116049==    by 0x487C75D: rl_bind_keyseq_if_unbound_in_map (in /usr/lib/x86_64-linux-gnu/libreadline.so.8.1)
==116049==    by 0x488FE5A: ??? (in /usr/lib/x86_64-linux-gnu/libreadline.so.8.1)
==116049==    by 0x4890337: _rl_init_terminal_io (in /usr/lib/x86_64-linux-gnu/libreadline.so.8.1)
==116049==    by 0x487CA0F: rl_initialize (in /usr/lib/x86_64-linux-gnu/libreadline.so.8.1)
==116049==    by 0x487CCD4: readline (in /usr/lib/x86_64-linux-gnu/libreadline.so.8.1)
==116049==    by 0x109D68: parsing (parsing.c:101)
==116049==    by 0x1096B5: main (main.c:58)
==116049== 
{
   <insert_a_suppression_name_here>
   Memcheck:Leak
   match-leak-kinds: reachable
   fun:malloc
   fun:xmalloc
   fun:rl_make_bare_keymap
   fun:rl_generic_bind
   fun:rl_bind_keyseq_if_unbound_in_map
   obj:/usr/lib/x86_64-linux-gnu/libreadline.so.8.1
   fun:_rl_init_terminal_io
   fun:rl_initialize
   fun:readline
   fun:parsing
   fun:main
}
==116049== 4,112 bytes in 1 blocks are still reachable in loss record 57 of 73
==116049==    at 0x4E05045: malloc (vg_replace_malloc.c:381)
==116049==    by 0x4894BAC: xmalloc (in /usr/lib/x86_64-linux-gnu/libreadline.so.8.1)
==116049==    by 0x4871251: rl_make_bare_keymap (in /usr/lib/x86_64-linux-gnu/libreadline.so.8.1)
==116049==    by 0x4871B6A: rl_generic_bind (in /usr/lib/x86_64-linux-gnu/libreadline.so.8.1)
==116049==    by 0x487C75D: rl_bind_keyseq_if_unbound_in_map (in /usr/lib/x86_64-linux-gnu/libreadline.so.8.1)
==116049==    by 0x487C94C: ??? (in /usr/lib/x86_64-linux-gnu/libreadline.so.8.1)
==116049==    by 0x487CA84: rl_initialize (in /usr/lib/x86_64-linux-gnu/libreadline.so.8.1)
==116049==    by 0x487CCD4: readline (in /usr/lib/x86_64-linux-gnu/libreadline.so.8.1)
==116049==    by 0x109D68: parsing (parsing.c:101)
==116049==    by 0x1096B5: main (main.c:58)
==116049== 
{
   <insert_a_suppression_name_here>
   Memcheck:Leak
   match-leak-kinds: reachable
   fun:malloc
   fun:xmalloc
   fun:rl_make_bare_keymap
   fun:rl_generic_bind
   fun:rl_bind_keyseq_if_unbound_in_map
   obj:/usr/lib/x86_64-linux-gnu/libreadline.so.8.1
   fun:rl_initialize
   fun:readline
   fun:parsing
   fun:main
}
==116049== 4,112 bytes in 1 blocks are still reachable in loss record 58 of 73
==116049==    at 0x4E05045: malloc (vg_replace_malloc.c:381)
==116049==    by 0x4894BAC: xmalloc (in /usr/lib/x86_64-linux-gnu/libreadline.so.8.1)
==116049==    by 0x4871251: rl_make_bare_keymap (in /usr/lib/x86_64-linux-gnu/libreadline.so.8.1)
==116049==    by 0x4871B6A: rl_generic_bind (in /usr/lib/x86_64-linux-gnu/libreadline.so.8.1)
==116049==    by 0x487C75D: rl_bind_keyseq_if_unbound_in_map (in /usr/lib/x86_64-linux-gnu/libreadline.so.8.1)
==116049==    by 0x487C94C: ??? (in /usr/lib/x86_64-linux-gnu/libreadline.so.8.1)
==116049==    by 0x487CA93: rl_initialize (in /usr/lib/x86_64-linux-gnu/libreadline.so.8.1)
==116049==    by 0x487CCD4: readline (in /usr/lib/x86_64-linux-gnu/libreadline.so.8.1)
==116049==    by 0x109D68: parsing (parsing.c:101)
==116049==    by 0x1096B5: main (main.c:58)
==116049== 
{
   <insert_a_suppression_name_here>
   Memcheck:Leak
   match-leak-kinds: reachable
   fun:malloc
   fun:xmalloc
   fun:rl_make_bare_keymap
   fun:rl_generic_bind
   fun:rl_bind_keyseq_if_unbound_in_map
   obj:/usr/lib/x86_64-linux-gnu/libreadline.so.8.1
   fun:rl_initialize
   fun:readline
   fun:parsing
   fun:main
}
==116049== 4,112 bytes in 1 blocks are still reachable in loss record 59 of 73
==116049==    at 0x4E05045: malloc (vg_replace_malloc.c:381)
==116049==    by 0x4894BAC: xmalloc (in /usr/lib/x86_64-linux-gnu/libreadline.so.8.1)
==116049==    by 0x4871251: rl_make_bare_keymap (in /usr/lib/x86_64-linux-gnu/libreadline.so.8.1)
==116049==    by 0x4871B6A: rl_generic_bind (in /usr/lib/x86_64-linux-gnu/libreadline.so.8.1)
==116049==    by 0x487C75D: rl_bind_keyseq_if_unbound_in_map (in /usr/lib/x86_64-linux-gnu/libreadline.so.8.1)
==116049==    by 0x487C94C: ??? (in /usr/lib/x86_64-linux-gnu/libreadline.so.8.1)
==116049==    by 0x487CAB8: rl_initialize (in /usr/lib/x86_64-linux-gnu/libreadline.so.8.1)
==116049==    by 0x487CCD4: readline (in /usr/lib/x86_64-linux-gnu/libreadline.so.8.1)
==116049==    by 0x109D68: parsing (parsing.c:101)
==116049==    by 0x1096B5: main (main.c:58)
==116049== 
{
   <insert_a_suppression_name_here>
   Memcheck:Leak
   match-leak-kinds: reachable
   fun:malloc
   fun:xmalloc
   fun:rl_make_bare_keymap
   fun:rl_generic_bind
   fun:rl_bind_keyseq_if_unbound_in_map
   obj:/usr/lib/x86_64-linux-gnu/libreadline.so.8.1
   fun:rl_initialize
   fun:readline
   fun:parsing
   fun:main
}
==116049== 7,952 bytes in 1 blocks are still reachable in loss record 60 of 73
==116049==    at 0x4E09BFD: calloc (vg_replace_malloc.c:1328)
==116049==    by 0x48BDCD7: ??? (in /usr/lib/x86_64-linux-gnu/libtinfo.so.6.3)
==116049==    by 0x48BF27F: _nc_find_type_entry (in /usr/lib/x86_64-linux-gnu/libtinfo.so.6.3)
==116049==    by 0x48C1CDC: tgetstr_sp (in /usr/lib/x86_64-linux-gnu/libtinfo.so.6.3)
==116049==    by 0x489021A: _rl_init_terminal_io (in /usr/lib/x86_64-linux-gnu/libreadline.so.8.1)
==116049==    by 0x487CA0F: rl_initialize (in /usr/lib/x86_64-linux-gnu/libreadline.so.8.1)
==116049==    by 0x487CCD4: readline (in /usr/lib/x86_64-linux-gnu/libreadline.so.8.1)
==116049==    by 0x109D68: parsing (parsing.c:101)
==116049==    by 0x1096B5: main (main.c:58)
==116049== 
{
   <insert_a_suppression_name_here>
   Memcheck:Leak
   match-leak-kinds: reachable
   fun:calloc
   obj:/usr/lib/x86_64-linux-gnu/libtinfo.so.6.3
   fun:_nc_find_type_entry
   fun:tgetstr_sp
   fun:_rl_init_terminal_io
   fun:rl_initialize
   fun:readline
   fun:parsing
   fun:main
}
==116049== 8,224 bytes in 2 blocks are still reachable in loss record 61 of 73
==116049==    at 0x4E05045: malloc (vg_replace_malloc.c:381)
==116049==    by 0x4894BAC: xmalloc (in /usr/lib/x86_64-linux-gnu/libreadline.so.8.1)
==116049==    by 0x4871251: rl_make_bare_keymap (in /usr/lib/x86_64-linux-gnu/libreadline.so.8.1)
==116049==    by 0x4871B6A: rl_generic_bind (in /usr/lib/x86_64-linux-gnu/libreadline.so.8.1)
==116049==    by 0x487C75D: rl_bind_keyseq_if_unbound_in_map (in /usr/lib/x86_64-linux-gnu/libreadline.so.8.1)
==116049==    by 0x488FE47: ??? (in /usr/lib/x86_64-linux-gnu/libreadline.so.8.1)
==116049==    by 0x489031F: _rl_init_terminal_io (in /usr/lib/x86_64-linux-gnu/libreadline.so.8.1)
==116049==    by 0x487CA0F: rl_initialize (in /usr/lib/x86_64-linux-gnu/libreadline.so.8.1)
==116049==    by 0x487CCD4: readline (in /usr/lib/x86_64-linux-gnu/libreadline.so.8.1)
==116049==    by 0x109D68: parsing (parsing.c:101)
==116049==    by 0x1096B5: main (main.c:58)
==116049== 
{
   <insert_a_suppression_name_here>
   Memcheck:Leak
   match-leak-kinds: reachable
   fun:malloc
   fun:xmalloc
   fun:rl_make_bare_keymap
   fun:rl_generic_bind
   fun:rl_bind_keyseq_if_unbound_in_map
   obj:/usr/lib/x86_64-linux-gnu/libreadline.so.8.1
   fun:_rl_init_terminal_io
   fun:rl_initialize
   fun:readline
   fun:parsing
   fun:main
}
==116049== 8,224 bytes in 2 blocks are still reachable in loss record 62 of 73
==116049==    at 0x4E05045: malloc (vg_replace_malloc.c:381)
==116049==    by 0x4894BAC: xmalloc (in /usr/lib/x86_64-linux-gnu/libreadline.so.8.1)
==116049==    by 0x4871251: rl_make_bare_keymap (in /usr/lib/x86_64-linux-gnu/libreadline.so.8.1)
==116049==    by 0x4871B6A: rl_generic_bind (in /usr/lib/x86_64-linux-gnu/libreadline.so.8.1)
==116049==    by 0x487C75D: rl_bind_keyseq_if_unbound_in_map (in /usr/lib/x86_64-linux-gnu/libreadline.so.8.1)
==116049==    by 0x488FDD5: ??? (in /usr/lib/x86_64-linux-gnu/libreadline.so.8.1)
==116049==    by 0x489032B: _rl_init_terminal_io (in /usr/lib/x86_64-linux-gnu/libreadline.so.8.1)
==116049==    by 0x487CA0F: rl_initialize (in /usr/lib/x86_64-linux-gnu/libreadline.so.8.1)
==116049==    by 0x487CCD4: readline (in /usr/lib/x86_64-linux-gnu/libreadline.so.8.1)
==116049==    by 0x109D68: parsing (parsing.c:101)
==116049==    by 0x1096B5: main (main.c:58)
==116049== 
{
   <insert_a_suppression_name_here>
   Memcheck:Leak
   match-leak-kinds: reachable
   fun:malloc
   fun:xmalloc
   fun:rl_make_bare_keymap
   fun:rl_generic_bind
   fun:rl_bind_keyseq_if_unbound_in_map
   obj:/usr/lib/x86_64-linux-gnu/libreadline.so.8.1
   fun:_rl_init_terminal_io
   fun:rl_initialize
   fun:readline
   fun:parsing
   fun:main
}
==116049== 8,224 bytes in 2 blocks are still reachable in loss record 63 of 73
==116049==    at 0x4E05045: malloc (vg_replace_malloc.c:381)
==116049==    by 0x4894BAC: xmalloc (in /usr/lib/x86_64-linux-gnu/libreadline.so.8.1)
==116049==    by 0x4871251: rl_make_bare_keymap (in /usr/lib/x86_64-linux-gnu/libreadline.so.8.1)
==116049==    by 0x4871B6A: rl_generic_bind (in /usr/lib/x86_64-linux-gnu/libreadline.so.8.1)
==116049==    by 0x487C75D: rl_bind_keyseq_if_unbound_in_map (in /usr/lib/x86_64-linux-gnu/libreadline.so.8.1)
==116049==    by 0x488FE47: ??? (in /usr/lib/x86_64-linux-gnu/libreadline.so.8.1)
==116049==    by 0x489032B: _rl_init_terminal_io (in /usr/lib/x86_64-linux-gnu/libreadline.so.8.1)
==116049==    by 0x487CA0F: rl_initialize (in /usr/lib/x86_64-linux-gnu/libreadline.so.8.1)
==116049==    by 0x487CCD4: readline (in /usr/lib/x86_64-linux-gnu/libreadline.so.8.1)
==116049==    by 0x109D68: parsing (parsing.c:101)
==116049==    by 0x1096B5: main (main.c:58)
==116049== 
{
   <insert_a_suppression_name_here>
   Memcheck:Leak
   match-leak-kinds: reachable
   fun:malloc
   fun:xmalloc
   fun:rl_make_bare_keymap
   fun:rl_generic_bind
   fun:rl_bind_keyseq_if_unbound_in_map
   obj:/usr/lib/x86_64-linux-gnu/libreadline.so.8.1
   fun:_rl_init_terminal_io
   fun:rl_initialize
   fun:readline
   fun:parsing
   fun:main
}
==116049== 8,224 bytes in 2 blocks are still reachable in loss record 64 of 73
==116049==    at 0x4E05045: malloc (vg_replace_malloc.c:381)
==116049==    by 0x4894BAC: xmalloc (in /usr/lib/x86_64-linux-gnu/libreadline.so.8.1)
==116049==    by 0x4871251: rl_make_bare_keymap (in /usr/lib/x86_64-linux-gnu/libreadline.so.8.1)
==116049==    by 0x4871B6A: rl_generic_bind (in /usr/lib/x86_64-linux-gnu/libreadline.so.8.1)
==116049==    by 0x487C75D: rl_bind_keyseq_if_unbound_in_map (in /usr/lib/x86_64-linux-gnu/libreadline.so.8.1)
==116049==    by 0x488FDD5: ??? (in /usr/lib/x86_64-linux-gnu/libreadline.so.8.1)
==116049==    by 0x4890337: _rl_init_terminal_io (in /usr/lib/x86_64-linux-gnu/libreadline.so.8.1)
==116049==    by 0x487CA0F: rl_initialize (in /usr/lib/x86_64-linux-gnu/libreadline.so.8.1)
==116049==    by 0x487CCD4: readline (in /usr/lib/x86_64-linux-gnu/libreadline.so.8.1)
==116049==    by 0x109D68: parsing (parsing.c:101)
==116049==    by 0x1096B5: main (main.c:58)
==116049== 
{
   <insert_a_suppression_name_here>
   Memcheck:Leak
   match-leak-kinds: reachable
   fun:malloc
   fun:xmalloc
   fun:rl_make_bare_keymap
   fun:rl_generic_bind
   fun:rl_bind_keyseq_if_unbound_in_map
   obj:/usr/lib/x86_64-linux-gnu/libreadline.so.8.1
   fun:_rl_init_terminal_io
   fun:rl_initialize
   fun:readline
   fun:parsing
   fun:main
}
==116049== 8,224 bytes in 2 blocks are still reachable in loss record 65 of 73
==116049==    at 0x4E05045: malloc (vg_replace_malloc.c:381)
==116049==    by 0x4894BAC: xmalloc (in /usr/lib/x86_64-linux-gnu/libreadline.so.8.1)
==116049==    by 0x4871251: rl_make_bare_keymap (in /usr/lib/x86_64-linux-gnu/libreadline.so.8.1)
==116049==    by 0x4871B6A: rl_generic_bind (in /usr/lib/x86_64-linux-gnu/libreadline.so.8.1)
==116049==    by 0x487C75D: rl_bind_keyseq_if_unbound_in_map (in /usr/lib/x86_64-linux-gnu/libreadline.so.8.1)
==116049==    by 0x488FE47: ??? (in /usr/lib/x86_64-linux-gnu/libreadline.so.8.1)
==116049==    by 0x4890337: _rl_init_terminal_io (in /usr/lib/x86_64-linux-gnu/libreadline.so.8.1)
==116049==    by 0x487CA0F: rl_initialize (in /usr/lib/x86_64-linux-gnu/libreadline.so.8.1)
==116049==    by 0x487CCD4: readline (in /usr/lib/x86_64-linux-gnu/libreadline.so.8.1)
==116049==    by 0x109D68: parsing (parsing.c:101)
==116049==    by 0x1096B5: main (main.c:58)
==116049== 
{
   <insert_a_suppression_name_here>
   Memcheck:Leak
   match-leak-kinds: reachable
   fun:malloc
   fun:xmalloc
   fun:rl_make_bare_keymap
   fun:rl_generic_bind
   fun:rl_bind_keyseq_if_unbound_in_map
   obj:/usr/lib/x86_64-linux-gnu/libreadline.so.8.1
   fun:_rl_init_terminal_io
   fun:rl_initialize
   fun:readline
   fun:parsing
   fun:main
}
==116049== 8,224 bytes in 2 blocks are still reachable in loss record 66 of 73
==116049==    at 0x4E05045: malloc (vg_replace_malloc.c:381)
==116049==    by 0x4894BAC: xmalloc (in /usr/lib/x86_64-linux-gnu/libreadline.so.8.1)
==116049==    by 0x4871251: rl_make_bare_keymap (in /usr/lib/x86_64-linux-gnu/libreadline.so.8.1)
==116049==    by 0x4871B6A: rl_generic_bind (in /usr/lib/x86_64-linux-gnu/libreadline.so.8.1)
==116049==    by 0x487C75D: rl_bind_keyseq_if_unbound_in_map (in /usr/lib/x86_64-linux-gnu/libreadline.so.8.1)
==116049==    by 0x487C93D: ??? (in /usr/lib/x86_64-linux-gnu/libreadline.so.8.1)
==116049==    by 0x487CA84: rl_initialize (in /usr/lib/x86_64-linux-gnu/libreadline.so.8.1)
==116049==    by 0x487CCD4: readline (in /usr/lib/x86_64-linux-gnu/libreadline.so.8.1)
==116049==    by 0x109D68: parsing (parsing.c:101)
==116049==    by 0x1096B5: main (main.c:58)
==116049== 
{
   <insert_a_suppression_name_here>
   Memcheck:Leak
   match-leak-kinds: reachable
   fun:malloc
   fun:xmalloc
   fun:rl_make_bare_keymap
   fun:rl_generic_bind
   fun:rl_bind_keyseq_if_unbound_in_map
   obj:/usr/lib/x86_64-linux-gnu/libreadline.so.8.1
   fun:rl_initialize
   fun:readline
   fun:parsing
   fun:main
}
==116049== 8,224 bytes in 2 blocks are still reachable in loss record 67 of 73
==116049==    at 0x4E05045: malloc (vg_replace_malloc.c:381)
==116049==    by 0x4894BAC: xmalloc (in /usr/lib/x86_64-linux-gnu/libreadline.so.8.1)
==116049==    by 0x4871251: rl_make_bare_keymap (in /usr/lib/x86_64-linux-gnu/libreadline.so.8.1)
==116049==    by 0x4871B6A: rl_generic_bind (in /usr/lib/x86_64-linux-gnu/libreadline.so.8.1)
==116049==    by 0x487C75D: rl_bind_keyseq_if_unbound_in_map (in /usr/lib/x86_64-linux-gnu/libreadline.so.8.1)
==116049==    by 0x487C93D: ??? (in /usr/lib/x86_64-linux-gnu/libreadline.so.8.1)
==116049==    by 0x487CA93: rl_initialize (in /usr/lib/x86_64-linux-gnu/libreadline.so.8.1)
==116049==    by 0x487CCD4: readline (in /usr/lib/x86_64-linux-gnu/libreadline.so.8.1)
==116049==    by 0x109D68: parsing (parsing.c:101)
==116049==    by 0x1096B5: main (main.c:58)
==116049== 
{
   <insert_a_suppression_name_here>
   Memcheck:Leak
   match-leak-kinds: reachable
   fun:malloc
   fun:xmalloc
   fun:rl_make_bare_keymap
   fun:rl_generic_bind
   fun:rl_bind_keyseq_if_unbound_in_map
   obj:/usr/lib/x86_64-linux-gnu/libreadline.so.8.1
   fun:rl_initialize
   fun:readline
   fun:parsing
   fun:main
}
==116049== 8,224 bytes in 2 blocks are still reachable in loss record 68 of 73
==116049==    at 0x4E05045: malloc (vg_replace_malloc.c:381)
==116049==    by 0x4894BAC: xmalloc (in /usr/lib/x86_64-linux-gnu/libreadline.so.8.1)
==116049==    by 0x4871251: rl_make_bare_keymap (in /usr/lib/x86_64-linux-gnu/libreadline.so.8.1)
==116049==    by 0x4871B6A: rl_generic_bind (in /usr/lib/x86_64-linux-gnu/libreadline.so.8.1)
==116049==    by 0x487C75D: rl_bind_keyseq_if_unbound_in_map (in /usr/lib/x86_64-linux-gnu/libreadline.so.8.1)
==116049==    by 0x487C93D: ??? (in /usr/lib/x86_64-linux-gnu/libreadline.so.8.1)
==116049==    by 0x487CAB8: rl_initialize (in /usr/lib/x86_64-linux-gnu/libreadline.so.8.1)
==116049==    by 0x487CCD4: readline (in /usr/lib/x86_64-linux-gnu/libreadline.so.8.1)
==116049==    by 0x109D68: parsing (parsing.c:101)
==116049==    by 0x1096B5: main (main.c:58)
==116049== 
{
   <insert_a_suppression_name_here>
   Memcheck:Leak
   match-leak-kinds: reachable
   fun:malloc
   fun:xmalloc
   fun:rl_make_bare_keymap
   fun:rl_generic_bind
   fun:rl_bind_keyseq_if_unbound_in_map
   obj:/usr/lib/x86_64-linux-gnu/libreadline.so.8.1
   fun:rl_initialize
   fun:readline
   fun:parsing
   fun:main
}
==116049== 8,224 bytes in 2 blocks are still reachable in loss record 69 of 73
==116049==    at 0x4E05045: malloc (vg_replace_malloc.c:381)
==116049==    by 0x4894BAC: xmalloc (in /usr/lib/x86_64-linux-gnu/libreadline.so.8.1)
==116049==    by 0x4871251: rl_make_bare_keymap (in /usr/lib/x86_64-linux-gnu/libreadline.so.8.1)
==116049==    by 0x4871B6A: rl_generic_bind (in /usr/lib/x86_64-linux-gnu/libreadline.so.8.1)
==116049==    by 0x487C75D: rl_bind_keyseq_if_unbound_in_map (in /usr/lib/x86_64-linux-gnu/libreadline.so.8.1)
==116049==    by 0x487CAD2: rl_initialize (in /usr/lib/x86_64-linux-gnu/libreadline.so.8.1)
==116049==    by 0x487CCD4: readline (in /usr/lib/x86_64-linux-gnu/libreadline.so.8.1)
==116049==    by 0x109D68: parsing (parsing.c:101)
==116049==    by 0x1096B5: main (main.c:58)
==116049== 
{
   <insert_a_suppression_name_here>
   Memcheck:Leak
   match-leak-kinds: reachable
   fun:malloc
   fun:xmalloc
   fun:rl_make_bare_keymap
   fun:rl_generic_bind
   fun:rl_bind_keyseq_if_unbound_in_map
   fun:rl_initialize
   fun:readline
   fun:parsing
   fun:main
}
==116049== 8,224 bytes in 2 blocks are still reachable in loss record 70 of 73
==116049==    at 0x4E05045: malloc (vg_replace_malloc.c:381)
==116049==    by 0x4894BAC: xmalloc (in /usr/lib/x86_64-linux-gnu/libreadline.so.8.1)
==116049==    by 0x4871251: rl_make_bare_keymap (in /usr/lib/x86_64-linux-gnu/libreadline.so.8.1)
==116049==    by 0x4871B6A: rl_generic_bind (in /usr/lib/x86_64-linux-gnu/libreadline.so.8.1)
==116049==    by 0x487C75D: rl_bind_keyseq_if_unbound_in_map (in /usr/lib/x86_64-linux-gnu/libreadline.so.8.1)
==116049==    by 0x487CAE1: rl_initialize (in /usr/lib/x86_64-linux-gnu/libreadline.so.8.1)
==116049==    by 0x487CCD4: readline (in /usr/lib/x86_64-linux-gnu/libreadline.so.8.1)
==116049==    by 0x109D68: parsing (parsing.c:101)
==116049==    by 0x1096B5: main (main.c:58)
==116049== 
{
   <insert_a_suppression_name_here>
   Memcheck:Leak
   match-leak-kinds: reachable
   fun:malloc
   fun:xmalloc
   fun:rl_make_bare_keymap
   fun:rl_generic_bind
   fun:rl_bind_keyseq_if_unbound_in_map
   fun:rl_initialize
   fun:readline
   fun:parsing
   fun:main
}
==116049== 12,336 bytes in 3 blocks are still reachable in loss record 71 of 73
==116049==    at 0x4E05045: malloc (vg_replace_malloc.c:381)
==116049==    by 0x4894BAC: xmalloc (in /usr/lib/x86_64-linux-gnu/libreadline.so.8.1)
==116049==    by 0x4871251: rl_make_bare_keymap (in /usr/lib/x86_64-linux-gnu/libreadline.so.8.1)
==116049==    by 0x4871B6A: rl_generic_bind (in /usr/lib/x86_64-linux-gnu/libreadline.so.8.1)
==116049==    by 0x487C75D: rl_bind_keyseq_if_unbound_in_map (in /usr/lib/x86_64-linux-gnu/libreadline.so.8.1)
==116049==    by 0x487C914: ??? (in /usr/lib/x86_64-linux-gnu/libreadline.so.8.1)
==116049==    by 0x487CA93: rl_initialize (in /usr/lib/x86_64-linux-gnu/libreadline.so.8.1)
==116049==    by 0x487CCD4: readline (in /usr/lib/x86_64-linux-gnu/libreadline.so.8.1)
==116049==    by 0x109D68: parsing (parsing.c:101)
==116049==    by 0x1096B5: main (main.c:58)
==116049== 
{
   <insert_a_suppression_name_here>
   Memcheck:Leak
   match-leak-kinds: reachable
   fun:malloc
   fun:xmalloc
   fun:rl_make_bare_keymap
   fun:rl_generic_bind
   fun:rl_bind_keyseq_if_unbound_in_map
   obj:/usr/lib/x86_64-linux-gnu/libreadline.so.8.1
   fun:rl_initialize
   fun:readline
   fun:parsing
   fun:main
}
==116049== 12,336 bytes in 3 blocks are still reachable in loss record 72 of 73
==116049==    at 0x4E05045: malloc (vg_replace_malloc.c:381)
==116049==    by 0x4894BAC: xmalloc (in /usr/lib/x86_64-linux-gnu/libreadline.so.8.1)
==116049==    by 0x4871251: rl_make_bare_keymap (in /usr/lib/x86_64-linux-gnu/libreadline.so.8.1)
==116049==    by 0x4871B6A: rl_generic_bind (in /usr/lib/x86_64-linux-gnu/libreadline.so.8.1)
==116049==    by 0x487C75D: rl_bind_keyseq_if_unbound_in_map (in /usr/lib/x86_64-linux-gnu/libreadline.so.8.1)
==116049==    by 0x487C914: ??? (in /usr/lib/x86_64-linux-gnu/libreadline.so.8.1)
==116049==    by 0x487CAB8: rl_initialize (in /usr/lib/x86_64-linux-gnu/libreadline.so.8.1)
==116049==    by 0x487CCD4: readline (in /usr/lib/x86_64-linux-gnu/libreadline.so.8.1)
==116049==    by 0x109D68: parsing (parsing.c:101)
==116049==    by 0x1096B5: main (main.c:58)
==116049== 
{
   <insert_a_suppression_name_here>
   Memcheck:Leak
   match-leak-kinds: reachable
   fun:malloc
   fun:xmalloc
   fun:rl_make_bare_keymap
   fun:rl_generic_bind
   fun:rl_bind_keyseq_if_unbound_in_map
   obj:/usr/lib/x86_64-linux-gnu/libreadline.so.8.1
   fun:rl_initialize
   fun:readline
   fun:parsing
   fun:main
}
==116049== 28,784 bytes in 7 blocks are still reachable in loss record 73 of 73
==116049==    at 0x4E05045: malloc (vg_replace_malloc.c:381)
==116049==    by 0x4894BAC: xmalloc (in /usr/lib/x86_64-linux-gnu/libreadline.so.8.1)
==116049==    by 0x4871251: rl_make_bare_keymap (in /usr/lib/x86_64-linux-gnu/libreadline.so.8.1)
==116049==    by 0x4871B6A: rl_generic_bind (in /usr/lib/x86_64-linux-gnu/libreadline.so.8.1)
==116049==    by 0x488299E: rl_parse_and_bind (in /usr/lib/x86_64-linux-gnu/libreadline.so.8.1)
==116049==    by 0x4882B6C: ??? (in /usr/lib/x86_64-linux-gnu/libreadline.so.8.1)
==116049==    by 0x487CA38: rl_initialize (in /usr/lib/x86_64-linux-gnu/libreadline.so.8.1)
==116049==    by 0x487CCD4: readline (in /usr/lib/x86_64-linux-gnu/libreadline.so.8.1)
==116049==    by 0x109D68: parsing (parsing.c:101)
==116049==    by 0x1096B5: main (main.c:58)
==116049== 
{
   <insert_a_suppression_name_here>
   Memcheck:Leak
   match-leak-kinds: reachable
   fun:malloc
   fun:xmalloc
   fun:rl_make_bare_keymap
   fun:rl_generic_bind
   fun:rl_parse_and_bind
   obj:/usr/lib/x86_64-linux-gnu/libreadline.so.8.1
   fun:rl_initialize
   fun:readline
   fun:parsing
   fun:main
}
==116049== LEAK SUMMARY:
==116049==    definitely lost: 9 bytes in 2 blocks
==116049==    indirectly lost: 0 bytes in 0 blocks
==116049==      possibly lost: 0 bytes in 0 blocks
==116049==    still reachable: 208,696 bytes in 230 blocks
==116049==         suppressed: 0 bytes in 0 blocks
==116049== 
==116049== For lists of detected and suppressed errors, rerun with: -s
==116049== ERROR SUMMARY: 5 errors from 4 contexts (suppressed: 0 from 0)
